mode: set
github.com/charmbracelet/ultraviolet/border.go:5.28,16.2 1 0
github.com/charmbracelet/ultraviolet/border.go:19.29,30.2 1 0
github.com/charmbracelet/ultraviolet/border.go:33.27,44.2 1 0
github.com/charmbracelet/ultraviolet/border.go:47.36,58.2 1 0
github.com/charmbracelet/ultraviolet/border.go:61.36,72.2 1 0
github.com/charmbracelet/ultraviolet/border.go:76.27,87.2 1 0
github.com/charmbracelet/ultraviolet/border.go:90.28,101.2 1 0
github.com/charmbracelet/ultraviolet/border.go:107.28,118.2 1 0
github.com/charmbracelet/ultraviolet/border.go:121.30,130.2 1 0
github.com/charmbracelet/ultraviolet/border.go:133.27,144.2 1 0
github.com/charmbracelet/ultraviolet/border.go:166.43,176.2 9 0
github.com/charmbracelet/ultraviolet/border.go:179.40,189.2 9 0
github.com/charmbracelet/ultraviolet/border.go:192.51,193.43 1 0
github.com/charmbracelet/ultraviolet/border.go:193.43,194.44 1 0
github.com/charmbracelet/ultraviolet/border.go:194.44,196.11 2 0
github.com/charmbracelet/ultraviolet/border.go:197.44,198.39 1 0
github.com/charmbracelet/ultraviolet/border.go:199.46,200.40 1 0
github.com/charmbracelet/ultraviolet/border.go:201.46,202.42 1 0
github.com/charmbracelet/ultraviolet/border.go:203.48,204.43 1 0
github.com/charmbracelet/ultraviolet/border.go:205.25,206.35 1 0
github.com/charmbracelet/ultraviolet/border.go:207.27,208.38 1 0
github.com/charmbracelet/ultraviolet/border.go:209.25,210.36 1 0
github.com/charmbracelet/ultraviolet/border.go:211.27,212.37 1 0
github.com/charmbracelet/ultraviolet/border.go:213.12,214.13 1 0
github.com/charmbracelet/ultraviolet/border.go:216.4,216.19 1 0
github.com/charmbracelet/ultraviolet/border.go:216.19,217.13 1 0
github.com/charmbracelet/ultraviolet/border.go:219.4,219.27 1 0
github.com/charmbracelet/ultraviolet/border.go:224.44,226.14 2 0
github.com/charmbracelet/ultraviolet/border.go:226.14,229.3 2 0
github.com/charmbracelet/ultraviolet/border.go:230.2,230.10 1 0
github.com/charmbracelet/ultraviolet/buffer.go:15.29,17.2 1 1
github.com/charmbracelet/ultraviolet/buffer.go:23.37,25.2 1 1
github.com/charmbracelet/ultraviolet/buffer.go:31.35,36.29 3 1
github.com/charmbracelet/ultraviolet/buffer.go:36.29,38.3 1 1
github.com/charmbracelet/ultraviolet/buffer.go:43.2,44.33 2 1
github.com/charmbracelet/ultraviolet/buffer.go:44.33,45.31 1 1
github.com/charmbracelet/ultraviolet/buffer.go:45.31,47.47 1 0
github.com/charmbracelet/ultraviolet/buffer.go:47.47,50.5 2 0
github.com/charmbracelet/ultraviolet/buffer.go:51.9,51.21 1 1
github.com/charmbracelet/ultraviolet/buffer.go:51.21,53.50 1 0
github.com/charmbracelet/ultraviolet/buffer.go:53.50,54.41 1 0
github.com/charmbracelet/ultraviolet/buffer.go:54.41,55.44 1 0
github.com/charmbracelet/ultraviolet/buffer.go:55.44,56.31 1 0
github.com/charmbracelet/ultraviolet/buffer.go:56.31,59.8 2 0
github.com/charmbracelet/ultraviolet/buffer.go:60.7,60.12 1 0
github.com/charmbracelet/ultraviolet/buffer.go:67.2,67.14 1 1
github.com/charmbracelet/ultraviolet/buffer.go:67.14,71.3 2 1
github.com/charmbracelet/ultraviolet/buffer.go:73.2,75.22 3 1
github.com/charmbracelet/ultraviolet/buffer.go:75.22,77.46 1 0
github.com/charmbracelet/ultraviolet/buffer.go:77.46,80.4 2 0
github.com/charmbracelet/ultraviolet/buffer.go:81.3,81.9 1 0
github.com/charmbracelet/ultraviolet/buffer.go:84.2,84.12 1 1
github.com/charmbracelet/ultraviolet/buffer.go:84.12,87.46 1 1
github.com/charmbracelet/ultraviolet/buffer.go:87.46,89.4 1 1
github.com/charmbracelet/ultraviolet/buffer.go:95.31,96.26 1 1
github.com/charmbracelet/ultraviolet/buffer.go:96.26,98.3 1 1
github.com/charmbracelet/ultraviolet/buffer.go:100.2,100.14 1 1
github.com/charmbracelet/ultraviolet/buffer.go:105.35,106.22 1 1
github.com/charmbracelet/ultraviolet/buffer.go:106.22,107.17 1 1
github.com/charmbracelet/ultraviolet/buffer.go:107.17,108.12 1 0
github.com/charmbracelet/ultraviolet/buffer.go:110.3,110.18 1 1
github.com/charmbracelet/ultraviolet/buffer.go:112.2,113.8 2 1
github.com/charmbracelet/ultraviolet/buffer.go:118.31,122.2 3 1
github.com/charmbracelet/ultraviolet/buffer.go:124.46,130.25 5 1
github.com/charmbracelet/ultraviolet/buffer.go:130.25,132.28 1 1
github.com/charmbracelet/ultraviolet/buffer.go:132.28,134.4 1 1
github.com/charmbracelet/ultraviolet/buffer.go:135.3,137.19 3 1
github.com/charmbracelet/ultraviolet/buffer.go:140.2,140.25 1 1
github.com/charmbracelet/ultraviolet/buffer.go:140.25,141.21 1 1
github.com/charmbracelet/ultraviolet/buffer.go:141.21,145.43 3 1
github.com/charmbracelet/ultraviolet/buffer.go:145.43,149.5 3 0
github.com/charmbracelet/ultraviolet/buffer.go:150.4,150.30 1 1
github.com/charmbracelet/ultraviolet/buffer.go:150.30,155.5 4 0
github.com/charmbracelet/ultraviolet/buffer.go:158.4,158.42 1 1
github.com/charmbracelet/ultraviolet/buffer.go:158.42,162.5 3 0
github.com/charmbracelet/ultraviolet/buffer.go:163.4,163.24 1 1
github.com/charmbracelet/ultraviolet/buffer.go:163.24,167.5 3 0
github.com/charmbracelet/ultraviolet/buffer.go:171.4,171.30 1 1
github.com/charmbracelet/ultraviolet/buffer.go:171.30,174.5 2 1
github.com/charmbracelet/ultraviolet/buffer.go:174.10,177.5 2 1
github.com/charmbracelet/ultraviolet/buffer.go:180.2,180.20 1 1
github.com/charmbracelet/ultraviolet/buffer.go:180.20,182.3 1 0
github.com/charmbracelet/ultraviolet/buffer.go:183.2,183.19 1 1
github.com/charmbracelet/ultraviolet/buffer.go:183.19,185.3 1 0
github.com/charmbracelet/ultraviolet/buffer.go:199.47,202.25 3 1
github.com/charmbracelet/ultraviolet/buffer.go:202.25,204.29 2 1
github.com/charmbracelet/ultraviolet/buffer.go:204.29,206.4 1 1
github.com/charmbracelet/ultraviolet/buffer.go:208.2,210.10 3 1
github.com/charmbracelet/ultraviolet/buffer.go:214.34,216.28 2 1
github.com/charmbracelet/ultraviolet/buffer.go:216.28,218.25 2 1
github.com/charmbracelet/ultraviolet/buffer.go:218.25,220.4 1 1
github.com/charmbracelet/ultraviolet/buffer.go:222.2,222.21 1 1
github.com/charmbracelet/ultraviolet/buffer.go:227.34,229.28 2 0
github.com/charmbracelet/ultraviolet/buffer.go:229.28,231.25 2 0
github.com/charmbracelet/ultraviolet/buffer.go:231.25,233.4 1 0
github.com/charmbracelet/ultraviolet/buffer.go:235.2,235.45 1 0
github.com/charmbracelet/ultraviolet/buffer.go:240.35,241.32 1 1
github.com/charmbracelet/ultraviolet/buffer.go:241.32,243.3 1 1
github.com/charmbracelet/ultraviolet/buffer.go:244.2,244.19 1 1
github.com/charmbracelet/ultraviolet/buffer.go:249.45,250.32 1 1
github.com/charmbracelet/ultraviolet/buffer.go:250.32,252.3 1 0
github.com/charmbracelet/ultraviolet/buffer.go:253.2,253.25 1 1
github.com/charmbracelet/ultraviolet/buffer.go:257.45,258.32 1 1
github.com/charmbracelet/ultraviolet/buffer.go:258.32,260.3 1 0
github.com/charmbracelet/ultraviolet/buffer.go:262.2,262.35 1 1
github.com/charmbracelet/ultraviolet/buffer.go:262.35,264.30 2 1
github.com/charmbracelet/ultraviolet/buffer.go:264.30,266.4 1 1
github.com/charmbracelet/ultraviolet/buffer.go:267.3,267.27 1 1
github.com/charmbracelet/ultraviolet/buffer.go:269.2,269.22 1 1
github.com/charmbracelet/ultraviolet/buffer.go:273.34,275.2 1 0
github.com/charmbracelet/ultraviolet/buffer.go:278.41,279.32 1 1
github.com/charmbracelet/ultraviolet/buffer.go:279.32,281.3 1 0
github.com/charmbracelet/ultraviolet/buffer.go:283.2,283.25 1 1
github.com/charmbracelet/ultraviolet/buffer.go:283.25,285.3 1 0
github.com/charmbracelet/ultraviolet/buffer.go:287.2,288.15 2 1
github.com/charmbracelet/ultraviolet/buffer.go:288.15,290.3 1 1
github.com/charmbracelet/ultraviolet/buffer.go:290.8,293.3 2 1
github.com/charmbracelet/ultraviolet/buffer.go:294.2,294.19 1 1
github.com/charmbracelet/ultraviolet/buffer.go:298.31,300.2 1 1
github.com/charmbracelet/ultraviolet/buffer.go:303.30,304.23 1 1
github.com/charmbracelet/ultraviolet/buffer.go:304.23,306.3 1 1
github.com/charmbracelet/ultraviolet/buffer.go:307.2,308.28 2 1
github.com/charmbracelet/ultraviolet/buffer.go:308.28,309.17 1 1
github.com/charmbracelet/ultraviolet/buffer.go:309.17,311.4 1 0
github.com/charmbracelet/ultraviolet/buffer.go:313.2,313.10 1 1
github.com/charmbracelet/ultraviolet/buffer.go:317.37,319.2 1 1
github.com/charmbracelet/ultraviolet/buffer.go:322.48,324.46 2 1
github.com/charmbracelet/ultraviolet/buffer.go:324.46,327.3 1 1
github.com/charmbracelet/ultraviolet/buffer.go:329.2,329.22 1 1
github.com/charmbracelet/ultraviolet/buffer.go:329.22,331.23 2 1
github.com/charmbracelet/ultraviolet/buffer.go:331.23,333.4 1 1
github.com/charmbracelet/ultraviolet/buffer.go:334.3,334.26 1 1
github.com/charmbracelet/ultraviolet/buffer.go:334.26,336.4 1 1
github.com/charmbracelet/ultraviolet/buffer.go:337.8,337.29 1 0
github.com/charmbracelet/ultraviolet/buffer.go:337.29,338.26 1 0
github.com/charmbracelet/ultraviolet/buffer.go:338.26,340.4 1 0
github.com/charmbracelet/ultraviolet/buffer.go:343.2,343.27 1 1
github.com/charmbracelet/ultraviolet/buffer.go:343.27,344.42 1 1
github.com/charmbracelet/ultraviolet/buffer.go:344.42,346.24 2 1
github.com/charmbracelet/ultraviolet/buffer.go:346.24,348.5 1 1
github.com/charmbracelet/ultraviolet/buffer.go:349.4,349.35 1 1
github.com/charmbracelet/ultraviolet/buffer.go:351.8,351.34 1 0
github.com/charmbracelet/ultraviolet/buffer.go:351.34,353.3 1 0
github.com/charmbracelet/ultraviolet/buffer.go:357.32,359.2 1 1
github.com/charmbracelet/ultraviolet/buffer.go:362.52,364.29 2 1
github.com/charmbracelet/ultraviolet/buffer.go:364.29,366.3 1 0
github.com/charmbracelet/ultraviolet/buffer.go:367.2,367.43 1 1
github.com/charmbracelet/ultraviolet/buffer.go:367.43,368.55 1 1
github.com/charmbracelet/ultraviolet/buffer.go:368.55,370.4 1 1
github.com/charmbracelet/ultraviolet/buffer.go:375.26,377.2 1 0
github.com/charmbracelet/ultraviolet/buffer.go:381.44,383.2 1 1
github.com/charmbracelet/ultraviolet/buffer.go:387.52,389.22 2 0
github.com/charmbracelet/ultraviolet/buffer.go:389.22,391.3 1 0
github.com/charmbracelet/ultraviolet/buffer.go:392.2,393.43 2 0
github.com/charmbracelet/ultraviolet/buffer.go:393.43,394.44 1 0
github.com/charmbracelet/ultraviolet/buffer.go:394.44,397.4 2 0
github.com/charmbracelet/ultraviolet/buffer.go:399.2,399.10 1 0
github.com/charmbracelet/ultraviolet/buffer.go:403.34,405.2 1 0
github.com/charmbracelet/ultraviolet/buffer.go:409.51,410.18 1 0
github.com/charmbracelet/ultraviolet/buffer.go:410.18,412.3 1 0
github.com/charmbracelet/ultraviolet/buffer.go:415.2,416.22 2 0
github.com/charmbracelet/ultraviolet/buffer.go:416.22,418.3 1 0
github.com/charmbracelet/ultraviolet/buffer.go:420.2,420.43 1 0
github.com/charmbracelet/ultraviolet/buffer.go:420.43,421.44 1 0
github.com/charmbracelet/ultraviolet/buffer.go:421.44,423.30 2 0
github.com/charmbracelet/ultraviolet/buffer.go:423.30,424.13 1 0
github.com/charmbracelet/ultraviolet/buffer.go:426.4,426.24 1 0
github.com/charmbracelet/ultraviolet/buffer.go:437.48,439.2 1 0
github.com/charmbracelet/ultraviolet/buffer.go:445.68,446.68 1 0
github.com/charmbracelet/ultraviolet/buffer.go:446.68,448.3 1 0
github.com/charmbracelet/ultraviolet/buffer.go:451.2,451.22 1 0
github.com/charmbracelet/ultraviolet/buffer.go:451.22,453.3 1 0
github.com/charmbracelet/ultraviolet/buffer.go:456.2,456.41 1 0
github.com/charmbracelet/ultraviolet/buffer.go:456.41,457.44 1 0
github.com/charmbracelet/ultraviolet/buffer.go:457.44,460.4 1 0
github.com/charmbracelet/ultraviolet/buffer.go:461.3,462.54 2 0
github.com/charmbracelet/ultraviolet/buffer.go:466.2,466.27 1 0
github.com/charmbracelet/ultraviolet/buffer.go:466.27,467.44 1 0
github.com/charmbracelet/ultraviolet/buffer.go:467.44,469.4 1 0
github.com/charmbracelet/ultraviolet/buffer.go:478.68,479.68 1 0
github.com/charmbracelet/ultraviolet/buffer.go:479.68,481.3 1 0
github.com/charmbracelet/ultraviolet/buffer.go:484.2,484.22 1 0
github.com/charmbracelet/ultraviolet/buffer.go:484.22,486.3 1 0
github.com/charmbracelet/ultraviolet/buffer.go:489.2,489.42 1 0
github.com/charmbracelet/ultraviolet/buffer.go:489.42,491.44 2 0
github.com/charmbracelet/ultraviolet/buffer.go:491.44,494.4 1 0
github.com/charmbracelet/ultraviolet/buffer.go:495.3,496.54 2 0
github.com/charmbracelet/ultraviolet/buffer.go:500.2,500.47 1 0
github.com/charmbracelet/ultraviolet/buffer.go:500.47,501.44 1 0
github.com/charmbracelet/ultraviolet/buffer.go:501.44,503.4 1 0
github.com/charmbracelet/ultraviolet/buffer.go:510.48,512.2 1 0
github.com/charmbracelet/ultraviolet/buffer.go:518.51,520.2 1 0
github.com/charmbracelet/ultraviolet/buffer.go:525.71,527.55 1 0
github.com/charmbracelet/ultraviolet/buffer.go:527.55,529.3 1 0
github.com/charmbracelet/ultraviolet/buffer.go:532.2,532.22 1 0
github.com/charmbracelet/ultraviolet/buffer.go:532.22,534.3 1 0
github.com/charmbracelet/ultraviolet/buffer.go:537.2,537.62 1 0
github.com/charmbracelet/ultraviolet/buffer.go:537.62,541.3 1 0
github.com/charmbracelet/ultraviolet/buffer.go:543.2,546.45 2 0
github.com/charmbracelet/ultraviolet/buffer.go:546.45,548.3 1 0
github.com/charmbracelet/ultraviolet/buffer.go:555.51,557.2 1 0
github.com/charmbracelet/ultraviolet/buffer.go:562.71,564.55 1 0
github.com/charmbracelet/ultraviolet/buffer.go:564.55,566.3 1 0
github.com/charmbracelet/ultraviolet/buffer.go:569.2,570.24 2 0
github.com/charmbracelet/ultraviolet/buffer.go:570.24,572.3 1 0
github.com/charmbracelet/ultraviolet/buffer.go:575.2,575.36 1 0
github.com/charmbracelet/ultraviolet/buffer.go:575.36,576.23 1 0
github.com/charmbracelet/ultraviolet/buffer.go:576.23,580.4 1 0
github.com/charmbracelet/ultraviolet/buffer.go:583.2,586.47 2 0
github.com/charmbracelet/ultraviolet/buffer.go:586.47,588.3 1 0
github.com/charmbracelet/ultraviolet/buffer.go:600.54,605.2 1 1
github.com/charmbracelet/ultraviolet/buffer.go:609.49,611.2 1 0
github.com/charmbracelet/ultraviolet/cancelreader_other.go:14.70,16.2 1 0
github.com/charmbracelet/ultraviolet/cell.go:36.51,37.18 1 1
github.com/charmbracelet/ultraviolet/cell.go:37.18,39.3 1 0
github.com/charmbracelet/ultraviolet/cell.go:40.2,40.15 1 1
github.com/charmbracelet/ultraviolet/cell.go:40.15,42.3 1 1
github.com/charmbracelet/ultraviolet/cell.go:43.2,46.3 1 1
github.com/charmbracelet/ultraviolet/cell.go:51.32,53.2 1 1
github.com/charmbracelet/ultraviolet/cell.go:56.36,62.2 1 1
github.com/charmbracelet/ultraviolet/cell.go:65.30,67.2 1 1
github.com/charmbracelet/ultraviolet/cell.go:71.31,72.18 1 1
github.com/charmbracelet/ultraviolet/cell.go:72.18,74.3 1 0
github.com/charmbracelet/ultraviolet/cell.go:75.2,75.30 1 1
github.com/charmbracelet/ultraviolet/cell.go:75.30,76.26 1 1
github.com/charmbracelet/ultraviolet/cell.go:76.26,78.4 1 1
github.com/charmbracelet/ultraviolet/cell.go:80.2,80.45 1 1
github.com/charmbracelet/ultraviolet/cell.go:84.34,88.2 3 1
github.com/charmbracelet/ultraviolet/cell.go:92.24,95.2 2 0
github.com/charmbracelet/ultraviolet/cell.go:98.49,103.2 1 1
github.com/charmbracelet/ultraviolet/cell.go:112.32,114.2 1 0
github.com/charmbracelet/ultraviolet/cell.go:117.36,119.2 1 1
github.com/charmbracelet/ultraviolet/cell.go:122.30,124.2 1 1
github.com/charmbracelet/ultraviolet/cell.go:146.53,148.2 1 1
github.com/charmbracelet/ultraviolet/cell.go:151.56,153.2 1 1
github.com/charmbracelet/ultraviolet/cell.go:156.52,158.2 1 0
github.com/charmbracelet/ultraviolet/cell.go:183.23,185.2 1 1
github.com/charmbracelet/ultraviolet/cell.go:188.48,191.2 2 1
github.com/charmbracelet/ultraviolet/cell.go:194.48,197.2 2 1
github.com/charmbracelet/ultraviolet/cell.go:200.47,203.2 2 0
github.com/charmbracelet/ultraviolet/cell.go:207.56,210.2 2 1
github.com/charmbracelet/ultraviolet/cell.go:213.35,214.7 1 1
github.com/charmbracelet/ultraviolet/cell.go:214.7,216.3 1 1
github.com/charmbracelet/ultraviolet/cell.go:216.8,218.3 1 1
github.com/charmbracelet/ultraviolet/cell.go:219.2,219.10 1 1
github.com/charmbracelet/ultraviolet/cell.go:223.36,224.7 1 1
github.com/charmbracelet/ultraviolet/cell.go:224.7,226.3 1 1
github.com/charmbracelet/ultraviolet/cell.go:226.8,228.3 1 1
github.com/charmbracelet/ultraviolet/cell.go:229.2,229.10 1 1
github.com/charmbracelet/ultraviolet/cell.go:233.37,234.7 1 1
github.com/charmbracelet/ultraviolet/cell.go:234.7,236.3 1 1
github.com/charmbracelet/ultraviolet/cell.go:236.8,238.3 1 0
github.com/charmbracelet/ultraviolet/cell.go:239.2,239.10 1 1
github.com/charmbracelet/ultraviolet/cell.go:244.40,245.7 1 1
github.com/charmbracelet/ultraviolet/cell.go:245.7,247.3 1 1
github.com/charmbracelet/ultraviolet/cell.go:247.8,249.3 1 0
github.com/charmbracelet/ultraviolet/cell.go:250.2,250.10 1 1
github.com/charmbracelet/ultraviolet/cell.go:255.41,256.7 1 0
github.com/charmbracelet/ultraviolet/cell.go:256.7,258.3 1 0
github.com/charmbracelet/ultraviolet/cell.go:258.8,260.3 1 0
github.com/charmbracelet/ultraviolet/cell.go:261.2,261.10 1 0
github.com/charmbracelet/ultraviolet/cell.go:266.38,267.7 1 1
github.com/charmbracelet/ultraviolet/cell.go:267.7,269.3 1 1
github.com/charmbracelet/ultraviolet/cell.go:269.8,271.3 1 0
github.com/charmbracelet/ultraviolet/cell.go:272.2,272.10 1 1
github.com/charmbracelet/ultraviolet/cell.go:277.38,278.7 1 0
github.com/charmbracelet/ultraviolet/cell.go:278.7,280.3 1 0
github.com/charmbracelet/ultraviolet/cell.go:280.8,282.3 1 0
github.com/charmbracelet/ultraviolet/cell.go:283.2,283.10 1 0
github.com/charmbracelet/ultraviolet/cell.go:288.44,289.7 1 1
github.com/charmbracelet/ultraviolet/cell.go:289.7,291.3 1 1
github.com/charmbracelet/ultraviolet/cell.go:291.8,293.3 1 0
github.com/charmbracelet/ultraviolet/cell.go:294.2,294.10 1 1
github.com/charmbracelet/ultraviolet/cell.go:298.38,304.2 1 1
github.com/charmbracelet/ultraviolet/cell.go:307.35,308.16 1 1
github.com/charmbracelet/ultraviolet/cell.go:308.16,310.3 1 0
github.com/charmbracelet/ultraviolet/cell.go:312.2,314.18 2 1
github.com/charmbracelet/ultraviolet/cell.go:314.18,315.28 1 1
github.com/charmbracelet/ultraviolet/cell.go:315.28,317.4 1 1
github.com/charmbracelet/ultraviolet/cell.go:318.3,318.29 1 1
github.com/charmbracelet/ultraviolet/cell.go:318.29,320.4 1 0
github.com/charmbracelet/ultraviolet/cell.go:321.3,321.30 1 1
github.com/charmbracelet/ultraviolet/cell.go:321.30,323.4 1 1
github.com/charmbracelet/ultraviolet/cell.go:324.3,324.33 1 1
github.com/charmbracelet/ultraviolet/cell.go:324.33,326.4 1 0
github.com/charmbracelet/ultraviolet/cell.go:327.3,327.34 1 1
github.com/charmbracelet/ultraviolet/cell.go:327.34,329.4 1 0
github.com/charmbracelet/ultraviolet/cell.go:330.3,330.31 1 1
github.com/charmbracelet/ultraviolet/cell.go:330.31,332.4 1 0
github.com/charmbracelet/ultraviolet/cell.go:333.3,333.31 1 1
github.com/charmbracelet/ultraviolet/cell.go:333.31,335.4 1 0
github.com/charmbracelet/ultraviolet/cell.go:336.3,336.37 1 1
github.com/charmbracelet/ultraviolet/cell.go:336.37,338.4 1 0
github.com/charmbracelet/ultraviolet/cell.go:340.2,340.30 1 1
github.com/charmbracelet/ultraviolet/cell.go:340.30,341.20 1 1
github.com/charmbracelet/ultraviolet/cell.go:342.24,343.21 1 1
github.com/charmbracelet/ultraviolet/cell.go:344.24,345.27 1 0
github.com/charmbracelet/ultraviolet/cell.go:346.23,347.26 1 0
github.com/charmbracelet/ultraviolet/cell.go:348.24,349.27 1 0
github.com/charmbracelet/ultraviolet/cell.go:350.24,351.27 1 0
github.com/charmbracelet/ultraviolet/cell.go:354.2,354.17 1 1
github.com/charmbracelet/ultraviolet/cell.go:354.17,356.3 1 1
github.com/charmbracelet/ultraviolet/cell.go:357.2,357.17 1 1
github.com/charmbracelet/ultraviolet/cell.go:357.17,359.3 1 0
github.com/charmbracelet/ultraviolet/cell.go:360.2,360.17 1 1
github.com/charmbracelet/ultraviolet/cell.go:360.17,362.3 1 0
github.com/charmbracelet/ultraviolet/cell.go:364.2,364.19 1 1
github.com/charmbracelet/ultraviolet/cell.go:369.46,370.16 1 1
github.com/charmbracelet/ultraviolet/cell.go:370.16,372.3 1 1
github.com/charmbracelet/ultraviolet/cell.go:374.2,376.29 2 1
github.com/charmbracelet/ultraviolet/cell.go:376.29,378.3 1 1
github.com/charmbracelet/ultraviolet/cell.go:380.2,380.29 1 1
github.com/charmbracelet/ultraviolet/cell.go:380.29,382.3 1 1
github.com/charmbracelet/ultraviolet/cell.go:384.2,384.29 1 1
github.com/charmbracelet/ultraviolet/cell.go:384.29,386.3 1 0
github.com/charmbracelet/ultraviolet/cell.go:388.2,393.24 2 1
github.com/charmbracelet/ultraviolet/cell.go:393.24,394.43 1 1
github.com/charmbracelet/ultraviolet/cell.go:394.43,395.29 1 1
github.com/charmbracelet/ultraviolet/cell.go:395.29,397.5 1 1
github.com/charmbracelet/ultraviolet/cell.go:397.10,397.24 1 1
github.com/charmbracelet/ultraviolet/cell.go:397.24,400.5 2 1
github.com/charmbracelet/ultraviolet/cell.go:402.3,402.45 1 1
github.com/charmbracelet/ultraviolet/cell.go:402.45,403.30 1 1
github.com/charmbracelet/ultraviolet/cell.go:403.30,405.5 1 1
github.com/charmbracelet/ultraviolet/cell.go:405.10,405.24 1 1
github.com/charmbracelet/ultraviolet/cell.go:405.24,407.5 1 1
github.com/charmbracelet/ultraviolet/cell.go:409.3,409.47 1 1
github.com/charmbracelet/ultraviolet/cell.go:409.47,410.31 1 1
github.com/charmbracelet/ultraviolet/cell.go:410.31,412.5 1 0
github.com/charmbracelet/ultraviolet/cell.go:412.10,414.5 1 1
github.com/charmbracelet/ultraviolet/cell.go:416.3,416.53 1 1
github.com/charmbracelet/ultraviolet/cell.go:416.53,417.34 1 1
github.com/charmbracelet/ultraviolet/cell.go:417.34,419.5 1 1
github.com/charmbracelet/ultraviolet/cell.go:419.10,419.23 1 1
github.com/charmbracelet/ultraviolet/cell.go:419.23,422.5 2 1
github.com/charmbracelet/ultraviolet/cell.go:424.3,424.55 1 1
github.com/charmbracelet/ultraviolet/cell.go:424.55,425.35 1 0
github.com/charmbracelet/ultraviolet/cell.go:425.35,427.5 1 0
github.com/charmbracelet/ultraviolet/cell.go:427.10,427.23 1 0
github.com/charmbracelet/ultraviolet/cell.go:427.23,429.5 1 0
github.com/charmbracelet/ultraviolet/cell.go:431.3,431.49 1 1
github.com/charmbracelet/ultraviolet/cell.go:431.49,432.32 1 1
github.com/charmbracelet/ultraviolet/cell.go:432.32,434.5 1 1
github.com/charmbracelet/ultraviolet/cell.go:434.10,436.5 1 1
github.com/charmbracelet/ultraviolet/cell.go:438.3,438.49 1 1
github.com/charmbracelet/ultraviolet/cell.go:438.49,439.32 1 0
github.com/charmbracelet/ultraviolet/cell.go:439.32,441.5 1 0
github.com/charmbracelet/ultraviolet/cell.go:441.10,443.5 1 0
github.com/charmbracelet/ultraviolet/cell.go:445.3,445.61 1 1
github.com/charmbracelet/ultraviolet/cell.go:445.61,446.38 1 1
github.com/charmbracelet/ultraviolet/cell.go:446.38,448.5 1 1
github.com/charmbracelet/ultraviolet/cell.go:448.10,450.5 1 1
github.com/charmbracelet/ultraviolet/cell.go:454.2,454.28 1 1
github.com/charmbracelet/ultraviolet/cell.go:454.28,456.3 1 1
github.com/charmbracelet/ultraviolet/cell.go:458.2,458.19 1 1
github.com/charmbracelet/ultraviolet/cell.go:461.40,462.26 1 1
github.com/charmbracelet/ultraviolet/cell.go:462.26,464.3 1 1
github.com/charmbracelet/ultraviolet/cell.go:465.2,465.26 1 1
github.com/charmbracelet/ultraviolet/cell.go:465.26,467.3 1 1
github.com/charmbracelet/ultraviolet/cell.go:468.2,470.53 3 1
github.com/charmbracelet/ultraviolet/cell.go:474.31,476.2 1 1
github.com/charmbracelet/ultraviolet/cell.go:480.32,486.2 1 1
github.com/charmbracelet/ultraviolet/cell.go:489.58,490.11 1 1
github.com/charmbracelet/ultraviolet/cell.go:491.30,492.11 1 1
github.com/charmbracelet/ultraviolet/cell.go:493.47,493.47 0 1
github.com/charmbracelet/ultraviolet/cell.go:494.26,497.13 3 1
github.com/charmbracelet/ultraviolet/cell.go:498.26,499.17 1 0
github.com/charmbracelet/ultraviolet/cell.go:502.2,502.17 1 1
github.com/charmbracelet/ultraviolet/cell.go:502.17,504.3 1 1
github.com/charmbracelet/ultraviolet/cell.go:505.2,505.17 1 1
github.com/charmbracelet/ultraviolet/cell.go:505.17,507.3 1 0
github.com/charmbracelet/ultraviolet/cell.go:508.2,508.17 1 1
github.com/charmbracelet/ultraviolet/cell.go:508.17,510.3 1 0
github.com/charmbracelet/ultraviolet/cell.go:511.2,511.10 1 1
github.com/charmbracelet/ultraviolet/cell.go:515.55,516.29 1 1
github.com/charmbracelet/ultraviolet/cell.go:516.29,518.3 1 0
github.com/charmbracelet/ultraviolet/cell.go:519.2,519.10 1 1
github.com/charmbracelet/ultraviolet/decoder.go:110.61,111.7 1 1
github.com/charmbracelet/ultraviolet/decoder.go:111.7,113.3 1 1
github.com/charmbracelet/ultraviolet/decoder.go:113.8,115.3 1 1
github.com/charmbracelet/ultraviolet/decoder.go:116.2,116.10 1 1
github.com/charmbracelet/ultraviolet/decoder.go:121.60,122.7 1 1
github.com/charmbracelet/ultraviolet/decoder.go:122.7,124.3 1 1
github.com/charmbracelet/ultraviolet/decoder.go:124.8,126.3 1 1
github.com/charmbracelet/ultraviolet/decoder.go:127.2,127.10 1 1
github.com/charmbracelet/ultraviolet/decoder.go:132.60,133.7 1 1
github.com/charmbracelet/ultraviolet/decoder.go:133.7,135.3 1 1
github.com/charmbracelet/ultraviolet/decoder.go:135.8,137.3 1 1
github.com/charmbracelet/ultraviolet/decoder.go:138.2,138.10 1 1
github.com/charmbracelet/ultraviolet/decoder.go:143.70,144.7 1 1
github.com/charmbracelet/ultraviolet/decoder.go:144.7,146.3 1 1
github.com/charmbracelet/ultraviolet/decoder.go:146.8,148.3 1 1
github.com/charmbracelet/ultraviolet/decoder.go:149.2,149.10 1 1
github.com/charmbracelet/ultraviolet/decoder.go:154.64,155.7 1 1
github.com/charmbracelet/ultraviolet/decoder.go:155.7,157.3 1 1
github.com/charmbracelet/ultraviolet/decoder.go:157.8,159.3 1 1
github.com/charmbracelet/ultraviolet/decoder.go:160.2,160.10 1 1
github.com/charmbracelet/ultraviolet/decoder.go:165.59,166.7 1 1
github.com/charmbracelet/ultraviolet/decoder.go:166.7,168.3 1 1
github.com/charmbracelet/ultraviolet/decoder.go:168.8,170.3 1 1
github.com/charmbracelet/ultraviolet/decoder.go:171.2,171.10 1 1
github.com/charmbracelet/ultraviolet/decoder.go:176.61,177.7 1 1
github.com/charmbracelet/ultraviolet/decoder.go:177.7,179.3 1 1
github.com/charmbracelet/ultraviolet/decoder.go:179.8,181.3 1 1
github.com/charmbracelet/ultraviolet/decoder.go:182.2,182.10 1 1
github.com/charmbracelet/ultraviolet/decoder.go:188.60,189.7 1 1
github.com/charmbracelet/ultraviolet/decoder.go:189.7,191.3 1 1
github.com/charmbracelet/ultraviolet/decoder.go:191.8,193.3 1 1
github.com/charmbracelet/ultraviolet/decoder.go:194.2,194.10 1 1
github.com/charmbracelet/ultraviolet/decoder.go:246.64,247.19 1 1
github.com/charmbracelet/ultraviolet/decoder.go:247.19,249.3 1 1
github.com/charmbracelet/ultraviolet/decoder.go:251.2,251.24 1 1
github.com/charmbracelet/ultraviolet/decoder.go:252.16,253.20 1 1
github.com/charmbracelet/ultraviolet/decoder.go:253.20,256.4 1 1
github.com/charmbracelet/ultraviolet/decoder.go:258.3,258.35 1 1
github.com/charmbracelet/ultraviolet/decoder.go:259.12,260.26 1 1
github.com/charmbracelet/ultraviolet/decoder.go:261.12,262.26 1 1
github.com/charmbracelet/ultraviolet/decoder.go:263.12,264.26 1 1
github.com/charmbracelet/ultraviolet/decoder.go:265.12,266.26 1 1
github.com/charmbracelet/ultraviolet/decoder.go:267.12,268.26 1 1
github.com/charmbracelet/ultraviolet/decoder.go:269.12,270.54 1 1
github.com/charmbracelet/ultraviolet/decoder.go:271.12,272.55 1 1
github.com/charmbracelet/ultraviolet/decoder.go:273.11,275.38 2 1
github.com/charmbracelet/ultraviolet/decoder.go:275.38,279.5 3 1
github.com/charmbracelet/ultraviolet/decoder.go:283.4,283.44 1 0
github.com/charmbracelet/ultraviolet/decoder.go:285.16,286.25 1 0
github.com/charmbracelet/ultraviolet/decoder.go:287.16,288.25 1 0
github.com/charmbracelet/ultraviolet/decoder.go:289.16,290.25 1 0
github.com/charmbracelet/ultraviolet/decoder.go:291.16,292.25 1 0
github.com/charmbracelet/ultraviolet/decoder.go:293.16,294.25 1 0
github.com/charmbracelet/ultraviolet/decoder.go:295.15,296.53 1 0
github.com/charmbracelet/ultraviolet/decoder.go:297.16,298.54 1 0
github.com/charmbracelet/ultraviolet/decoder.go:299.10,300.52 1 1
github.com/charmbracelet/ultraviolet/decoder.go:300.52,302.4 1 1
github.com/charmbracelet/ultraviolet/decoder.go:302.9,302.44 1 1
github.com/charmbracelet/ultraviolet/decoder.go:302.44,308.4 2 1
github.com/charmbracelet/ultraviolet/decoder.go:309.3,309.26 1 1
github.com/charmbracelet/ultraviolet/decoder.go:313.56,314.37 1 1
github.com/charmbracelet/ultraviolet/decoder.go:314.37,317.3 1 1
github.com/charmbracelet/ultraviolet/decoder.go:319.2,324.42 5 1
github.com/charmbracelet/ultraviolet/decoder.go:324.42,326.3 1 1
github.com/charmbracelet/ultraviolet/decoder.go:327.2,327.53 1 1
github.com/charmbracelet/ultraviolet/decoder.go:327.53,329.3 1 1
github.com/charmbracelet/ultraviolet/decoder.go:332.2,332.46 1 1
github.com/charmbracelet/ultraviolet/decoder.go:332.46,334.3 1 1
github.com/charmbracelet/ultraviolet/decoder.go:337.2,338.100 2 1
github.com/charmbracelet/ultraviolet/decoder.go:338.100,339.33 1 1
github.com/charmbracelet/ultraviolet/decoder.go:339.33,340.48 1 1
github.com/charmbracelet/ultraviolet/decoder.go:340.48,342.5 1 1
github.com/charmbracelet/ultraviolet/decoder.go:343.4,344.47 2 1
github.com/charmbracelet/ultraviolet/decoder.go:346.3,346.18 1 1
github.com/charmbracelet/ultraviolet/decoder.go:346.18,348.4 1 1
github.com/charmbracelet/ultraviolet/decoder.go:349.3,349.33 1 1
github.com/charmbracelet/ultraviolet/decoder.go:349.33,351.31 2 1
github.com/charmbracelet/ultraviolet/decoder.go:351.31,354.5 1 1
github.com/charmbracelet/ultraviolet/decoder.go:358.2,358.38 1 1
github.com/charmbracelet/ultraviolet/decoder.go:358.38,361.3 1 1
github.com/charmbracelet/ultraviolet/decoder.go:364.2,365.56 2 1
github.com/charmbracelet/ultraviolet/decoder.go:365.56,367.3 1 1
github.com/charmbracelet/ultraviolet/decoder.go:370.2,373.47 2 1
github.com/charmbracelet/ultraviolet/decoder.go:373.47,377.39 1 1
github.com/charmbracelet/ultraviolet/decoder.go:377.39,380.39 3 1
github.com/charmbracelet/ultraviolet/decoder.go:380.39,383.5 2 1
github.com/charmbracelet/ultraviolet/decoder.go:385.3,385.32 1 1
github.com/charmbracelet/ultraviolet/decoder.go:389.2,393.13 4 1
github.com/charmbracelet/ultraviolet/decoder.go:394.65,397.24 2 1
github.com/charmbracelet/ultraviolet/decoder.go:397.24,398.9 1 0
github.com/charmbracelet/ultraviolet/decoder.go:400.3,401.25 2 1
github.com/charmbracelet/ultraviolet/decoder.go:401.25,402.9 1 0
github.com/charmbracelet/ultraviolet/decoder.go:404.3,404.86 1 1
github.com/charmbracelet/ultraviolet/decoder.go:405.37,407.37 1 0
github.com/charmbracelet/ultraviolet/decoder.go:408.37,411.25 2 0
github.com/charmbracelet/ultraviolet/decoder.go:411.25,412.9 1 0
github.com/charmbracelet/ultraviolet/decoder.go:414.3,414.42 1 0
github.com/charmbracelet/ultraviolet/decoder.go:415.37,419.10 2 0
github.com/charmbracelet/ultraviolet/decoder.go:419.10,420.9 1 0
github.com/charmbracelet/ultraviolet/decoder.go:422.3,423.10 2 0
github.com/charmbracelet/ultraviolet/decoder.go:423.10,424.9 1 0
github.com/charmbracelet/ultraviolet/decoder.go:426.3,426.56 1 0
github.com/charmbracelet/ultraviolet/decoder.go:427.68,429.21 1 1
github.com/charmbracelet/ultraviolet/decoder.go:429.21,431.4 1 1
github.com/charmbracelet/ultraviolet/decoder.go:432.37,435.22 2 0
github.com/charmbracelet/ultraviolet/decoder.go:435.22,436.9 1 0
github.com/charmbracelet/ultraviolet/decoder.go:438.3,439.23 2 0
github.com/charmbracelet/ultraviolet/decoder.go:439.23,440.9 1 0
github.com/charmbracelet/ultraviolet/decoder.go:442.3,442.38 1 0
github.com/charmbracelet/ultraviolet/decoder.go:443.37,446.17 3 1
github.com/charmbracelet/ultraviolet/decoder.go:447.12,448.21 1 1
github.com/charmbracelet/ultraviolet/decoder.go:449.11,450.37 1 1
github.com/charmbracelet/ultraviolet/decoder.go:451.11,452.38 1 1
github.com/charmbracelet/ultraviolet/decoder.go:455.11,456.25 1 1
github.com/charmbracelet/ultraviolet/decoder.go:457.11,458.24 1 1
github.com/charmbracelet/ultraviolet/decoder.go:459.11,463.35 3 1
github.com/charmbracelet/ultraviolet/decoder.go:463.35,465.65 2 1
github.com/charmbracelet/ultraviolet/decoder.go:465.65,473.5 1 1
github.com/charmbracelet/ultraviolet/decoder.go:475.4,475.15 1 0
github.com/charmbracelet/ultraviolet/decoder.go:478.3,478.21 1 1
github.com/charmbracelet/ultraviolet/decoder.go:478.21,479.9 1 0
github.com/charmbracelet/ultraviolet/decoder.go:483.3,483.14 1 1
github.com/charmbracelet/ultraviolet/decoder.go:484.81,486.14 2 1
github.com/charmbracelet/ultraviolet/decoder.go:487.27,488.65 1 1
github.com/charmbracelet/ultraviolet/decoder.go:489.27,490.50 1 1
github.com/charmbracelet/ultraviolet/decoder.go:491.12,492.37 1 1
github.com/charmbracelet/ultraviolet/decoder.go:493.12,494.35 1 1
github.com/charmbracelet/ultraviolet/decoder.go:495.12,496.36 1 1
github.com/charmbracelet/ultraviolet/decoder.go:497.27,498.50 1 1
github.com/charmbracelet/ultraviolet/decoder.go:499.12,500.50 1 1
github.com/charmbracelet/ultraviolet/decoder.go:502.3,503.14 2 1
github.com/charmbracelet/ultraviolet/decoder.go:503.14,505.4 1 0
github.com/charmbracelet/ultraviolet/decoder.go:506.3,507.15 2 1
github.com/charmbracelet/ultraviolet/decoder.go:507.15,509.4 1 0
github.com/charmbracelet/ultraviolet/decoder.go:510.3,510.44 1 1
github.com/charmbracelet/ultraviolet/decoder.go:510.44,513.4 1 1
github.com/charmbracelet/ultraviolet/decoder.go:515.3,515.41 1 1
github.com/charmbracelet/ultraviolet/decoder.go:516.11,518.19 1 1
github.com/charmbracelet/ultraviolet/decoder.go:518.19,520.4 1 0
github.com/charmbracelet/ultraviolet/decoder.go:521.3,521.63 1 1
github.com/charmbracelet/ultraviolet/decoder.go:522.39,525.24 2 1
github.com/charmbracelet/ultraviolet/decoder.go:525.24,526.9 1 0
github.com/charmbracelet/ultraviolet/decoder.go:528.3,529.23 2 1
github.com/charmbracelet/ultraviolet/decoder.go:529.23,530.9 1 0
github.com/charmbracelet/ultraviolet/decoder.go:532.3,532.85 1 1
github.com/charmbracelet/ultraviolet/decoder.go:533.11,535.21 1 1
github.com/charmbracelet/ultraviolet/decoder.go:535.21,537.4 1 0
github.com/charmbracelet/ultraviolet/decoder.go:538.3,538.35 1 1
github.com/charmbracelet/ultraviolet/decoder.go:539.11,541.21 1 0
github.com/charmbracelet/ultraviolet/decoder.go:541.21,543.4 1 0
github.com/charmbracelet/ultraviolet/decoder.go:545.3,547.14 3 0
github.com/charmbracelet/ultraviolet/decoder.go:547.14,549.4 1 0
github.com/charmbracelet/ultraviolet/decoder.go:551.3,565.19 7 0
github.com/charmbracelet/ultraviolet/decoder.go:565.19,567.4 1 0
github.com/charmbracelet/ultraviolet/decoder.go:569.3,569.18 1 0
github.com/charmbracelet/ultraviolet/decoder.go:570.21,571.21 1 1
github.com/charmbracelet/ultraviolet/decoder.go:571.21,573.4 1 0
github.com/charmbracelet/ultraviolet/decoder.go:575.3,576.14 2 1
github.com/charmbracelet/ultraviolet/decoder.go:577.12,578.17 1 1
github.com/charmbracelet/ultraviolet/decoder.go:579.12,581.23 1 1
github.com/charmbracelet/ultraviolet/decoder.go:581.23,583.6 1 0
github.com/charmbracelet/ultraviolet/decoder.go:584.5,584.44 1 1
github.com/charmbracelet/ultraviolet/decoder.go:585.13,587.32 1 1
github.com/charmbracelet/ultraviolet/decoder.go:588.13,590.30 1 1
github.com/charmbracelet/ultraviolet/decoder.go:594.3,594.16 1 1
github.com/charmbracelet/ultraviolet/decoder.go:599.27,601.17 2 1
github.com/charmbracelet/ultraviolet/decoder.go:602.11,603.31 1 1
github.com/charmbracelet/ultraviolet/decoder.go:603.31,605.6 1 0
github.com/charmbracelet/ultraviolet/decoder.go:605.11,607.6 1 1
github.com/charmbracelet/ultraviolet/decoder.go:608.11,609.39 1 1
github.com/charmbracelet/ultraviolet/decoder.go:610.11,611.39 1 1
github.com/charmbracelet/ultraviolet/decoder.go:612.11,613.33 1 1
github.com/charmbracelet/ultraviolet/decoder.go:613.33,615.6 1 0
github.com/charmbracelet/ultraviolet/decoder.go:615.11,617.6 1 1
github.com/charmbracelet/ultraviolet/decoder.go:618.11,619.37 1 1
github.com/charmbracelet/ultraviolet/decoder.go:620.11,621.39 1 1
github.com/charmbracelet/ultraviolet/decoder.go:622.11,623.37 1 1
github.com/charmbracelet/ultraviolet/decoder.go:624.11,625.36 1 1
github.com/charmbracelet/ultraviolet/decoder.go:626.28,627.52 1 1
github.com/charmbracelet/ultraviolet/decoder.go:628.28,629.52 1 1
github.com/charmbracelet/ultraviolet/decoder.go:630.24,631.53 1 1
github.com/charmbracelet/ultraviolet/decoder.go:632.16,633.53 1 1
github.com/charmbracelet/ultraviolet/decoder.go:634.24,635.53 1 1
github.com/charmbracelet/ultraviolet/decoder.go:639.4,640.34 2 1
github.com/charmbracelet/ultraviolet/decoder.go:640.34,642.5 1 1
github.com/charmbracelet/ultraviolet/decoder.go:645.4,645.15 1 1
github.com/charmbracelet/ultraviolet/decoder.go:646.13,648.43 1 1
github.com/charmbracelet/ultraviolet/decoder.go:649.13,650.21 1 1
github.com/charmbracelet/ultraviolet/decoder.go:651.13,652.32 1 1
github.com/charmbracelet/ultraviolet/decoder.go:655.4,655.15 1 1
github.com/charmbracelet/ultraviolet/decoder.go:658.11,660.10 2 1
github.com/charmbracelet/ultraviolet/decoder.go:660.10,661.9 1 0
github.com/charmbracelet/ultraviolet/decoder.go:664.3,664.16 1 1
github.com/charmbracelet/ultraviolet/decoder.go:665.10,666.22 1 1
github.com/charmbracelet/ultraviolet/decoder.go:666.22,669.21 3 1
github.com/charmbracelet/ultraviolet/decoder.go:669.21,670.11 1 0
github.com/charmbracelet/ultraviolet/decoder.go:672.5,672.65 1 1
github.com/charmbracelet/ultraviolet/decoder.go:674.10,675.22 1 0
github.com/charmbracelet/ultraviolet/decoder.go:675.22,678.21 3 0
github.com/charmbracelet/ultraviolet/decoder.go:678.21,679.11 1 0
github.com/charmbracelet/ultraviolet/decoder.go:681.5,681.58 1 0
github.com/charmbracelet/ultraviolet/decoder.go:683.11,684.22 1 0
github.com/charmbracelet/ultraviolet/decoder.go:684.22,689.41 5 0
github.com/charmbracelet/ultraviolet/decoder.go:689.41,690.11 1 0
github.com/charmbracelet/ultraviolet/decoder.go:692.5,695.6 1 0
github.com/charmbracelet/ultraviolet/decoder.go:701.3,703.34 3 0
github.com/charmbracelet/ultraviolet/decoder.go:703.34,705.10 2 0
github.com/charmbracelet/ultraviolet/decoder.go:705.10,707.5 1 0
github.com/charmbracelet/ultraviolet/decoder.go:710.3,710.18 1 0
github.com/charmbracelet/ultraviolet/decoder.go:712.2,712.34 1 1
github.com/charmbracelet/ultraviolet/decoder.go:717.56,718.37 1 1
github.com/charmbracelet/ultraviolet/decoder.go:718.37,721.3 1 1
github.com/charmbracelet/ultraviolet/decoder.go:723.2,724.42 2 1
github.com/charmbracelet/ultraviolet/decoder.go:724.42,726.3 1 1
github.com/charmbracelet/ultraviolet/decoder.go:727.2,727.53 1 1
github.com/charmbracelet/ultraviolet/decoder.go:727.53,729.3 1 1
github.com/charmbracelet/ultraviolet/decoder.go:732.2,733.54 2 1
github.com/charmbracelet/ultraviolet/decoder.go:733.54,736.3 2 1
github.com/charmbracelet/ultraviolet/decoder.go:741.2,741.47 1 1
github.com/charmbracelet/ultraviolet/decoder.go:741.47,743.3 1 0
github.com/charmbracelet/ultraviolet/decoder.go:746.2,750.12 4 1
github.com/charmbracelet/ultraviolet/decoder.go:751.26,752.62 1 1
github.com/charmbracelet/ultraviolet/decoder.go:753.26,754.48 1 1
github.com/charmbracelet/ultraviolet/decoder.go:755.11,756.36 1 1
github.com/charmbracelet/ultraviolet/decoder.go:757.11,758.34 1 1
github.com/charmbracelet/ultraviolet/decoder.go:759.11,760.35 1 1
github.com/charmbracelet/ultraviolet/decoder.go:761.26,762.48 1 1
github.com/charmbracelet/ultraviolet/decoder.go:763.11,764.38 1 1
github.com/charmbracelet/ultraviolet/decoder.go:765.11,766.38 1 1
github.com/charmbracelet/ultraviolet/decoder.go:767.86,768.56 1 1
github.com/charmbracelet/ultraviolet/decoder.go:769.10,770.35 1 0
github.com/charmbracelet/ultraviolet/decoder.go:774.2,774.13 1 1
github.com/charmbracelet/ultraviolet/decoder.go:774.13,776.3 1 1
github.com/charmbracelet/ultraviolet/decoder.go:778.2,778.13 1 1
github.com/charmbracelet/ultraviolet/decoder.go:781.56,782.37 1 1
github.com/charmbracelet/ultraviolet/decoder.go:782.37,784.3 1 1
github.com/charmbracelet/ultraviolet/decoder.go:785.2,785.37 1 1
github.com/charmbracelet/ultraviolet/decoder.go:785.37,788.3 1 1
github.com/charmbracelet/ultraviolet/decoder.go:790.2,791.42 2 1
github.com/charmbracelet/ultraviolet/decoder.go:791.42,793.3 1 1
github.com/charmbracelet/ultraviolet/decoder.go:794.2,794.53 1 1
github.com/charmbracelet/ultraviolet/decoder.go:794.53,796.3 1 1
github.com/charmbracelet/ultraviolet/decoder.go:800.2,802.54 3 1
github.com/charmbracelet/ultraviolet/decoder.go:802.54,803.16 1 1
github.com/charmbracelet/ultraviolet/decoder.go:803.16,805.4 1 1
github.com/charmbracelet/ultraviolet/decoder.go:805.9,807.4 1 1
github.com/charmbracelet/ultraviolet/decoder.go:808.3,808.25 1 1
github.com/charmbracelet/ultraviolet/decoder.go:811.2,811.31 1 1
github.com/charmbracelet/ultraviolet/decoder.go:811.31,815.3 2 1
github.com/charmbracelet/ultraviolet/decoder.go:817.2,817.24 1 1
github.com/charmbracelet/ultraviolet/decoder.go:817.24,819.85 1 1
github.com/charmbracelet/ultraviolet/decoder.go:819.85,820.9 1 1
github.com/charmbracelet/ultraviolet/decoder.go:824.2,824.17 1 1
github.com/charmbracelet/ultraviolet/decoder.go:824.17,826.3 1 1
github.com/charmbracelet/ultraviolet/decoder.go:828.2,832.16 3 1
github.com/charmbracelet/ultraviolet/decoder.go:833.26,834.32 1 1
github.com/charmbracelet/ultraviolet/decoder.go:835.16,836.34 1 1
github.com/charmbracelet/ultraviolet/decoder.go:836.34,837.45 1 1
github.com/charmbracelet/ultraviolet/decoder.go:837.45,839.5 1 1
github.com/charmbracelet/ultraviolet/decoder.go:843.4,843.33 1 1
github.com/charmbracelet/ultraviolet/decoder.go:846.3,846.6 1 1
github.com/charmbracelet/ultraviolet/decoder.go:849.2,849.18 1 1
github.com/charmbracelet/ultraviolet/decoder.go:849.18,851.3 1 0
github.com/charmbracelet/ultraviolet/decoder.go:853.2,854.13 2 1
github.com/charmbracelet/ultraviolet/decoder.go:855.10,856.57 1 1
github.com/charmbracelet/ultraviolet/decoder.go:857.10,858.57 1 1
github.com/charmbracelet/ultraviolet/decoder.go:859.10,860.53 1 1
github.com/charmbracelet/ultraviolet/decoder.go:861.10,863.22 2 1
github.com/charmbracelet/ultraviolet/decoder.go:863.22,865.4 1 0
github.com/charmbracelet/ultraviolet/decoder.go:866.3,866.43 1 1
github.com/charmbracelet/ultraviolet/decoder.go:866.43,867.9 1 1
github.com/charmbracelet/ultraviolet/decoder.go:870.3,872.17 3 0
github.com/charmbracelet/ultraviolet/decoder.go:872.17,873.9 1 0
github.com/charmbracelet/ultraviolet/decoder.go:876.3,877.65 2 0
github.com/charmbracelet/ultraviolet/decoder.go:880.2,880.34 1 1
github.com/charmbracelet/ultraviolet/decoder.go:884.112,885.44 1 1
github.com/charmbracelet/ultraviolet/decoder.go:885.44,886.17 1 1
github.com/charmbracelet/ultraviolet/decoder.go:887.17,888.86 1 1
github.com/charmbracelet/ultraviolet/decoder.go:889.26,890.58 1 1
github.com/charmbracelet/ultraviolet/decoder.go:892.3,892.16 1 0
github.com/charmbracelet/ultraviolet/decoder.go:894.2,894.37 1 1
github.com/charmbracelet/ultraviolet/decoder.go:894.37,895.38 1 1
github.com/charmbracelet/ultraviolet/decoder.go:895.38,897.4 1 1
github.com/charmbracelet/ultraviolet/decoder.go:899.3,900.41 2 1
github.com/charmbracelet/ultraviolet/decoder.go:900.41,902.4 1 1
github.com/charmbracelet/ultraviolet/decoder.go:903.3,903.57 1 1
github.com/charmbracelet/ultraviolet/decoder.go:903.57,905.4 1 1
github.com/charmbracelet/ultraviolet/decoder.go:910.3,911.25 2 1
github.com/charmbracelet/ultraviolet/decoder.go:911.25,912.76 1 1
github.com/charmbracelet/ultraviolet/decoder.go:912.76,913.10 1 1
github.com/charmbracelet/ultraviolet/decoder.go:917.3,917.18 1 1
github.com/charmbracelet/ultraviolet/decoder.go:917.18,919.4 1 1
github.com/charmbracelet/ultraviolet/decoder.go:921.3,925.17 3 1
github.com/charmbracelet/ultraviolet/decoder.go:926.27,927.33 1 0
github.com/charmbracelet/ultraviolet/decoder.go:928.17,929.35 1 1
github.com/charmbracelet/ultraviolet/decoder.go:929.35,930.21 1 1
github.com/charmbracelet/ultraviolet/decoder.go:930.21,932.6 1 1
github.com/charmbracelet/ultraviolet/decoder.go:936.5,936.34 1 1
github.com/charmbracelet/ultraviolet/decoder.go:939.4,939.7 1 1
github.com/charmbracelet/ultraviolet/decoder.go:943.3,943.16 1 1
github.com/charmbracelet/ultraviolet/decoder.go:943.16,944.39 1 1
github.com/charmbracelet/ultraviolet/decoder.go:944.39,946.5 1 1
github.com/charmbracelet/ultraviolet/decoder.go:949.3,949.17 1 1
github.com/charmbracelet/ultraviolet/decoder.go:950.16,951.35 1 0
github.com/charmbracelet/ultraviolet/decoder.go:952.17,953.36 1 0
github.com/charmbracelet/ultraviolet/decoder.go:954.17,955.36 1 1
github.com/charmbracelet/ultraviolet/decoder.go:956.11,957.33 1 0
github.com/charmbracelet/ultraviolet/decoder.go:962.56,963.37 1 1
github.com/charmbracelet/ultraviolet/decoder.go:963.37,966.3 1 1
github.com/charmbracelet/ultraviolet/decoder.go:968.2,974.42 5 1
github.com/charmbracelet/ultraviolet/decoder.go:974.42,976.3 1 1
github.com/charmbracelet/ultraviolet/decoder.go:977.2,977.53 1 1
github.com/charmbracelet/ultraviolet/decoder.go:977.53,979.3 1 1
github.com/charmbracelet/ultraviolet/decoder.go:982.2,982.46 1 1
github.com/charmbracelet/ultraviolet/decoder.go:982.46,984.3 1 1
github.com/charmbracelet/ultraviolet/decoder.go:987.2,988.100 2 1
github.com/charmbracelet/ultraviolet/decoder.go:988.100,989.33 1 1
github.com/charmbracelet/ultraviolet/decoder.go:989.33,990.48 1 1
github.com/charmbracelet/ultraviolet/decoder.go:990.48,992.5 1 0
github.com/charmbracelet/ultraviolet/decoder.go:993.4,994.47 2 1
github.com/charmbracelet/ultraviolet/decoder.go:996.3,996.18 1 1
github.com/charmbracelet/ultraviolet/decoder.go:996.18,998.4 1 0
github.com/charmbracelet/ultraviolet/decoder.go:999.3,999.33 1 1
github.com/charmbracelet/ultraviolet/decoder.go:999.33,1001.31 2 0
github.com/charmbracelet/ultraviolet/decoder.go:1001.31,1004.5 1 0
github.com/charmbracelet/ultraviolet/decoder.go:1008.2,1008.38 1 1
github.com/charmbracelet/ultraviolet/decoder.go:1008.38,1011.3 1 1
github.com/charmbracelet/ultraviolet/decoder.go:1014.2,1015.74 2 1
github.com/charmbracelet/ultraviolet/decoder.go:1015.74,1017.3 1 1
github.com/charmbracelet/ultraviolet/decoder.go:1020.2,1023.47 2 1
github.com/charmbracelet/ultraviolet/decoder.go:1023.47,1025.3 1 0
github.com/charmbracelet/ultraviolet/decoder.go:1028.2,1032.24 4 1
github.com/charmbracelet/ultraviolet/decoder.go:1032.24,1033.42 1 1
github.com/charmbracelet/ultraviolet/decoder.go:1033.42,1034.9 1 1
github.com/charmbracelet/ultraviolet/decoder.go:1038.2,1038.17 1 1
github.com/charmbracelet/ultraviolet/decoder.go:1038.17,1040.3 1 1
github.com/charmbracelet/ultraviolet/decoder.go:1042.2,1046.54 3 1
github.com/charmbracelet/ultraviolet/decoder.go:1046.54,1048.3 1 1
github.com/charmbracelet/ultraviolet/decoder.go:1050.2,1051.13 2 1
github.com/charmbracelet/ultraviolet/decoder.go:1052.39,1055.16 2 0
github.com/charmbracelet/ultraviolet/decoder.go:1056.10,1066.16 2 0
github.com/charmbracelet/ultraviolet/decoder.go:1068.37,1070.47 1 1
github.com/charmbracelet/ultraviolet/decoder.go:1073.2,1073.34 1 1
github.com/charmbracelet/ultraviolet/decoder.go:1076.56,1077.37 1 1
github.com/charmbracelet/ultraviolet/decoder.go:1077.37,1080.3 1 1
github.com/charmbracelet/ultraviolet/decoder.go:1083.2,1083.65 1 1
github.com/charmbracelet/ultraviolet/decoder.go:1083.65,1084.18 1 1
github.com/charmbracelet/ultraviolet/decoder.go:1084.18,1086.4 1 0
github.com/charmbracelet/ultraviolet/decoder.go:1088.3,1088.15 1 1
github.com/charmbracelet/ultraviolet/decoder.go:1089.12,1093.22 4 1
github.com/charmbracelet/ultraviolet/decoder.go:1093.22,1095.5 1 1
github.com/charmbracelet/ultraviolet/decoder.go:1096.4,1096.12 1 1
github.com/charmbracelet/ultraviolet/decoder.go:1099.3,1099.13 1 1
github.com/charmbracelet/ultraviolet/decoder.go:1103.57,1104.17 1 1
github.com/charmbracelet/ultraviolet/decoder.go:1104.17,1106.3 1 0
github.com/charmbracelet/ultraviolet/decoder.go:1108.2,1109.35 2 1
github.com/charmbracelet/ultraviolet/decoder.go:1109.35,1112.3 1 0
github.com/charmbracelet/ultraviolet/decoder.go:1112.8,1112.40 1 1
github.com/charmbracelet/ultraviolet/decoder.go:1112.40,1116.28 3 1
github.com/charmbracelet/ultraviolet/decoder.go:1116.28,1121.4 3 1
github.com/charmbracelet/ultraviolet/decoder.go:1123.3,1123.14 1 1
github.com/charmbracelet/ultraviolet/decoder.go:1126.2,1127.28 2 1
github.com/charmbracelet/ultraviolet/decoder.go:1127.28,1129.3 1 1
github.com/charmbracelet/ultraviolet/decoder.go:1131.2,1133.22 3 1
github.com/charmbracelet/ultraviolet/decoder.go:1133.22,1134.12 1 1
github.com/charmbracelet/ultraviolet/decoder.go:1134.12,1137.9 2 0
github.com/charmbracelet/ultraviolet/decoder.go:1141.2,1141.60 1 1
github.com/charmbracelet/ultraviolet/decoder.go:1144.51,1145.11 1 1
github.com/charmbracelet/ultraviolet/decoder.go:1146.16,1147.31 1 1
github.com/charmbracelet/ultraviolet/decoder.go:1147.31,1149.4 1 1
github.com/charmbracelet/ultraviolet/decoder.go:1150.3,1150.53 1 1
github.com/charmbracelet/ultraviolet/decoder.go:1151.15,1152.48 1 1
github.com/charmbracelet/ultraviolet/decoder.go:1153.15,1154.30 1 1
github.com/charmbracelet/ultraviolet/decoder.go:1154.30,1156.4 1 1
github.com/charmbracelet/ultraviolet/decoder.go:1157.3,1157.37 1 1
github.com/charmbracelet/ultraviolet/decoder.go:1158.15,1159.30 1 1
github.com/charmbracelet/ultraviolet/decoder.go:1159.30,1161.4 1 1
github.com/charmbracelet/ultraviolet/decoder.go:1162.3,1162.39 1 1
github.com/charmbracelet/ultraviolet/decoder.go:1163.16,1164.40 1 0
github.com/charmbracelet/ultraviolet/decoder.go:1164.40,1166.4 1 0
github.com/charmbracelet/ultraviolet/decoder.go:1167.3,1167.40 1 0
github.com/charmbracelet/ultraviolet/decoder.go:1168.16,1169.34 1 1
github.com/charmbracelet/ultraviolet/decoder.go:1169.34,1171.4 1 1
github.com/charmbracelet/ultraviolet/decoder.go:1172.3,1172.43 1 1
github.com/charmbracelet/ultraviolet/decoder.go:1173.15,1174.50 1 1
github.com/charmbracelet/ultraviolet/decoder.go:1175.10,1176.37 1 1
github.com/charmbracelet/ultraviolet/decoder.go:1176.37,1180.4 2 1
github.com/charmbracelet/ultraviolet/decoder.go:1180.9,1180.42 1 1
github.com/charmbracelet/ultraviolet/decoder.go:1180.42,1183.4 2 1
github.com/charmbracelet/ultraviolet/decoder.go:1184.3,1184.25 1 0
github.com/charmbracelet/ultraviolet/decoder.go:1188.58,1195.11 5 1
github.com/charmbracelet/ultraviolet/decoder.go:1196.15,1197.53 1 1
github.com/charmbracelet/ultraviolet/decoder.go:1198.15,1199.47 1 1
github.com/charmbracelet/ultraviolet/decoder.go:1200.15,1201.49 1 1
github.com/charmbracelet/ultraviolet/decoder.go:1202.16,1203.50 1 1
github.com/charmbracelet/ultraviolet/decoder.go:1204.16,1205.53 1 1
github.com/charmbracelet/ultraviolet/decoder.go:1209.2,1210.23 2 1
github.com/charmbracelet/ultraviolet/decoder.go:1210.23,1212.3 1 0
github.com/charmbracelet/ultraviolet/decoder.go:1214.2,1214.10 1 1
github.com/charmbracelet/ultraviolet/decoder.go:1338.13,1342.40 2 1
github.com/charmbracelet/ultraviolet/decoder.go:1342.40,1343.35 1 1
github.com/charmbracelet/ultraviolet/decoder.go:1343.35,1345.4 1 1
github.com/charmbracelet/ultraviolet/decoder.go:1347.2,1347.38 1 1
github.com/charmbracelet/ultraviolet/decoder.go:1347.38,1348.35 1 1
github.com/charmbracelet/ultraviolet/decoder.go:1348.35,1350.4 1 1
github.com/charmbracelet/ultraviolet/decoder.go:1365.35,1367.25 2 1
github.com/charmbracelet/ultraviolet/decoder.go:1367.25,1369.3 1 1
github.com/charmbracelet/ultraviolet/decoder.go:1370.2,1370.23 1 1
github.com/charmbracelet/ultraviolet/decoder.go:1370.23,1372.3 1 1
github.com/charmbracelet/ultraviolet/decoder.go:1373.2,1373.24 1 1
github.com/charmbracelet/ultraviolet/decoder.go:1373.24,1375.3 1 0
github.com/charmbracelet/ultraviolet/decoder.go:1376.2,1376.25 1 1
github.com/charmbracelet/ultraviolet/decoder.go:1376.25,1378.3 1 0
github.com/charmbracelet/ultraviolet/decoder.go:1379.2,1379.25 1 1
github.com/charmbracelet/ultraviolet/decoder.go:1379.25,1381.3 1 0
github.com/charmbracelet/ultraviolet/decoder.go:1382.2,1382.24 1 1
github.com/charmbracelet/ultraviolet/decoder.go:1382.24,1384.3 1 0
github.com/charmbracelet/ultraviolet/decoder.go:1385.2,1385.28 1 1
github.com/charmbracelet/ultraviolet/decoder.go:1385.28,1387.3 1 1
github.com/charmbracelet/ultraviolet/decoder.go:1388.2,1388.27 1 1
github.com/charmbracelet/ultraviolet/decoder.go:1388.27,1390.3 1 1
github.com/charmbracelet/ultraviolet/decoder.go:1391.2,1391.10 1 1
github.com/charmbracelet/ultraviolet/decoder.go:1407.59,1415.27 5 1
github.com/charmbracelet/ultraviolet/decoder.go:1415.27,1417.19 1 1
github.com/charmbracelet/ultraviolet/decoder.go:1418.10,1419.18 1 1
github.com/charmbracelet/ultraviolet/decoder.go:1420.11,1424.18 4 1
github.com/charmbracelet/ultraviolet/decoder.go:1424.18,1426.28 2 1
github.com/charmbracelet/ultraviolet/decoder.go:1426.28,1428.7 1 0
github.com/charmbracelet/ultraviolet/decoder.go:1430.6,1430.18 1 1
github.com/charmbracelet/ultraviolet/decoder.go:1433.11,1435.50 1 0
github.com/charmbracelet/ultraviolet/decoder.go:1435.50,1443.6 1 0
github.com/charmbracelet/ultraviolet/decoder.go:1444.5,1444.16 1 0
github.com/charmbracelet/ultraviolet/decoder.go:1446.11,1448.50 1 0
github.com/charmbracelet/ultraviolet/decoder.go:1448.50,1455.6 1 0
github.com/charmbracelet/ultraviolet/decoder.go:1457.10,1458.18 1 1
github.com/charmbracelet/ultraviolet/decoder.go:1459.11,1461.16 2 1
github.com/charmbracelet/ultraviolet/decoder.go:1461.16,1463.28 2 1
github.com/charmbracelet/ultraviolet/decoder.go:1463.28,1467.7 1 1
github.com/charmbracelet/ultraviolet/decoder.go:1470.11,1471.23 1 1
github.com/charmbracelet/ultraviolet/decoder.go:1472.12,1473.25 1 1
github.com/charmbracelet/ultraviolet/decoder.go:1474.12,1475.22 1 1
github.com/charmbracelet/ultraviolet/decoder.go:1477.11,1477.11 0 0
github.com/charmbracelet/ultraviolet/decoder.go:1479.10,1480.37 1 1
github.com/charmbracelet/ultraviolet/decoder.go:1480.37,1482.5 1 1
github.com/charmbracelet/ultraviolet/decoder.go:1485.3,1486.19 2 1
github.com/charmbracelet/ultraviolet/decoder.go:1486.19,1489.4 2 1
github.com/charmbracelet/ultraviolet/decoder.go:1492.2,1500.51 5 1
github.com/charmbracelet/ultraviolet/decoder.go:1500.51,1501.10 1 1
github.com/charmbracelet/ultraviolet/decoder.go:1502.49,1503.46 1 1
github.com/charmbracelet/ultraviolet/decoder.go:1504.31,1505.18 1 1
github.com/charmbracelet/ultraviolet/decoder.go:1506.34,1507.18 1 1
github.com/charmbracelet/ultraviolet/decoder.go:1508.30,1509.18 1 1
github.com/charmbracelet/ultraviolet/decoder.go:1510.31,1511.18 1 1
github.com/charmbracelet/ultraviolet/decoder.go:1512.33,1513.18 1 1
github.com/charmbracelet/ultraviolet/decoder.go:1514.32,1515.18 1 1
github.com/charmbracelet/ultraviolet/decoder.go:1516.29,1517.18 1 1
github.com/charmbracelet/ultraviolet/decoder.go:1522.2,1522.65 1 1
github.com/charmbracelet/ultraviolet/decoder.go:1522.65,1523.18 1 1
github.com/charmbracelet/ultraviolet/decoder.go:1523.18,1525.4 1 1
github.com/charmbracelet/ultraviolet/decoder.go:1525.9,1527.65 2 1
github.com/charmbracelet/ultraviolet/decoder.go:1527.65,1529.5 1 1
github.com/charmbracelet/ultraviolet/decoder.go:1530.4,1530.28 1 1
github.com/charmbracelet/ultraviolet/decoder.go:1530.28,1532.5 1 0
github.com/charmbracelet/ultraviolet/decoder.go:1532.10,1534.5 1 1
github.com/charmbracelet/ultraviolet/decoder.go:1538.2,1538.15 1 1
github.com/charmbracelet/ultraviolet/decoder.go:1538.15,1540.3 1 1
github.com/charmbracelet/ultraviolet/decoder.go:1542.2,1542.27 1 1
github.com/charmbracelet/ultraviolet/decoder.go:1548.71,1552.23 1 1
github.com/charmbracelet/ultraviolet/decoder.go:1552.23,1553.29 1 1
github.com/charmbracelet/ultraviolet/decoder.go:1554.10,1555.21 1 1
github.com/charmbracelet/ultraviolet/decoder.go:1556.10,1557.29 1 1
github.com/charmbracelet/ultraviolet/decoder.go:1560.2,1560.10 1 1
github.com/charmbracelet/ultraviolet/decoder.go:1563.53,1566.27 2 0
github.com/charmbracelet/ultraviolet/decoder.go:1566.27,1567.19 1 0
github.com/charmbracelet/ultraviolet/decoder.go:1567.19,1569.4 1 0
github.com/charmbracelet/ultraviolet/decoder.go:1571.2,1571.12 1 0
github.com/charmbracelet/ultraviolet/decoder.go:1587.65,1589.9 2 1
github.com/charmbracelet/ultraviolet/decoder.go:1589.9,1591.3 1 0
github.com/charmbracelet/ultraviolet/decoder.go:1592.2,1593.9 2 1
github.com/charmbracelet/ultraviolet/decoder.go:1593.9,1595.3 1 0
github.com/charmbracelet/ultraviolet/decoder.go:1596.2,1608.23 7 1
github.com/charmbracelet/ultraviolet/decoder.go:1608.23,1610.3 1 1
github.com/charmbracelet/ultraviolet/decoder.go:1610.8,1610.33 1 1
github.com/charmbracelet/ultraviolet/decoder.go:1610.33,1612.3 1 1
github.com/charmbracelet/ultraviolet/decoder.go:1612.8,1612.21 1 1
github.com/charmbracelet/ultraviolet/decoder.go:1612.21,1614.3 1 1
github.com/charmbracelet/ultraviolet/decoder.go:1615.2,1615.27 1 1
github.com/charmbracelet/ultraviolet/decoder.go:1629.43,1632.29 3 1
github.com/charmbracelet/ultraviolet/decoder.go:1632.29,1635.3 1 1
github.com/charmbracelet/ultraviolet/decoder.go:1637.2,1644.23 5 1
github.com/charmbracelet/ultraviolet/decoder.go:1644.23,1646.3 1 1
github.com/charmbracelet/ultraviolet/decoder.go:1646.8,1646.21 1 1
github.com/charmbracelet/ultraviolet/decoder.go:1646.21,1648.3 1 1
github.com/charmbracelet/ultraviolet/decoder.go:1648.8,1648.22 1 1
github.com/charmbracelet/ultraviolet/decoder.go:1648.22,1650.3 1 1
github.com/charmbracelet/ultraviolet/decoder.go:1651.2,1651.27 1 1
github.com/charmbracelet/ultraviolet/decoder.go:1655.91,1669.19 2 1
github.com/charmbracelet/ultraviolet/decoder.go:1669.19,1671.3 1 1
github.com/charmbracelet/ultraviolet/decoder.go:1672.2,1672.20 1 1
github.com/charmbracelet/ultraviolet/decoder.go:1672.20,1674.3 1 1
github.com/charmbracelet/ultraviolet/decoder.go:1675.2,1675.21 1 1
github.com/charmbracelet/ultraviolet/decoder.go:1675.21,1677.3 1 1
github.com/charmbracelet/ultraviolet/decoder.go:1679.2,1679.19 1 1
github.com/charmbracelet/ultraviolet/decoder.go:1679.19,1681.3 1 1
github.com/charmbracelet/ultraviolet/decoder.go:1681.8,1681.28 1 1
github.com/charmbracelet/ultraviolet/decoder.go:1681.28,1683.3 1 1
github.com/charmbracelet/ultraviolet/decoder.go:1683.8,1686.29 2 1
github.com/charmbracelet/ultraviolet/decoder.go:1686.29,1689.4 2 1
github.com/charmbracelet/ultraviolet/decoder.go:1693.2,1693.39 1 1
github.com/charmbracelet/ultraviolet/decoder.go:1693.39,1695.3 1 1
github.com/charmbracelet/ultraviolet/decoder.go:1697.2,1697.8 1 1
github.com/charmbracelet/ultraviolet/decoder.go:1701.36,1703.2 1 1
github.com/charmbracelet/ultraviolet/decoder.go:1709.32,1710.14 1 1
github.com/charmbracelet/ultraviolet/decoder.go:1710.14,1712.3 1 1
github.com/charmbracelet/ultraviolet/decoder.go:1713.2,1713.10 1 1
github.com/charmbracelet/ultraviolet/decoder.go:1716.39,1717.14 1 1
github.com/charmbracelet/ultraviolet/decoder.go:1717.14,1719.3 1 1
github.com/charmbracelet/ultraviolet/decoder.go:1720.2,1721.67 2 1
github.com/charmbracelet/ultraviolet/decoder.go:1724.50,1725.11 1 1
github.com/charmbracelet/ultraviolet/decoder.go:1725.11,1728.3 2 1
github.com/charmbracelet/ultraviolet/decoder.go:1728.8,1731.3 2 1
github.com/charmbracelet/ultraviolet/decoder.go:1732.2,1732.12 1 1
github.com/charmbracelet/ultraviolet/decoder.go:1732.12,1734.3 1 1
github.com/charmbracelet/ultraviolet/decoder.go:1734.8,1734.19 1 1
github.com/charmbracelet/ultraviolet/decoder.go:1734.19,1736.3 1 1
github.com/charmbracelet/ultraviolet/decoder.go:1737.2,1737.15 1 1
github.com/charmbracelet/ultraviolet/decoder.go:1740.31,1742.2 1 1
github.com/charmbracelet/ultraviolet/decoder.go:1745.48,1756.13 7 1
github.com/charmbracelet/ultraviolet/decoder.go:1756.13,1759.3 2 1
github.com/charmbracelet/ultraviolet/decoder.go:1759.8,1760.15 1 1
github.com/charmbracelet/ultraviolet/decoder.go:1761.13,1762.42 1 1
github.com/charmbracelet/ultraviolet/decoder.go:1763.13,1764.39 1 1
github.com/charmbracelet/ultraviolet/decoder.go:1765.13,1766.39 1 1
github.com/charmbracelet/ultraviolet/decoder.go:1768.3,1768.12 1 1
github.com/charmbracelet/ultraviolet/decoder.go:1768.12,1770.4 1 0
github.com/charmbracelet/ultraviolet/decoder.go:1772.3,1772.35 1 1
github.com/charmbracelet/ultraviolet/decoder.go:1775.2,1775.30 1 1
github.com/charmbracelet/ultraviolet/decoder.go:1779.38,1780.14 1 1
github.com/charmbracelet/ultraviolet/decoder.go:1780.14,1782.3 1 1
github.com/charmbracelet/ultraviolet/decoder.go:1784.2,1786.16 3 1
github.com/charmbracelet/ultraviolet/decoder.go:1789.48,1791.20 1 1
github.com/charmbracelet/ultraviolet/decoder.go:1791.20,1793.3 1 1
github.com/charmbracelet/ultraviolet/decoder.go:1795.2,1797.26 3 1
github.com/charmbracelet/ultraviolet/decoder.go:1797.26,1799.22 2 1
github.com/charmbracelet/ultraviolet/decoder.go:1799.22,1801.4 1 0
github.com/charmbracelet/ultraviolet/decoder.go:1803.3,1804.35 2 1
github.com/charmbracelet/ultraviolet/decoder.go:1804.35,1805.12 1 1
github.com/charmbracelet/ultraviolet/decoder.go:1808.3,1809.21 2 1
github.com/charmbracelet/ultraviolet/decoder.go:1809.21,1811.18 2 1
github.com/charmbracelet/ultraviolet/decoder.go:1811.18,1812.13 1 0
github.com/charmbracelet/ultraviolet/decoder.go:1816.3,1816.19 1 1
github.com/charmbracelet/ultraviolet/decoder.go:1816.19,1818.4 1 0
github.com/charmbracelet/ultraviolet/decoder.go:1819.3,1820.21 2 1
github.com/charmbracelet/ultraviolet/decoder.go:1820.21,1823.4 2 1
github.com/charmbracelet/ultraviolet/decoder.go:1826.2,1826.37 1 1
github.com/charmbracelet/ultraviolet/decoder.go:1834.138,1835.15 1 0
github.com/charmbracelet/ultraviolet/decoder.go:1835.15,1837.22 1 0
github.com/charmbracelet/ultraviolet/decoder.go:1837.22,1839.42 2 0
github.com/charmbracelet/ultraviolet/decoder.go:1839.42,1841.5 1 0
github.com/charmbracelet/ultraviolet/decoder.go:1842.4,1842.17 1 0
github.com/charmbracelet/ultraviolet/decoder.go:1845.2,1845.15 1 0
github.com/charmbracelet/ultraviolet/decoder.go:1845.15,1847.3 1 0
github.com/charmbracelet/ultraviolet/decoder.go:1849.2,1851.17 3 0
github.com/charmbracelet/ultraviolet/decoder.go:1851.17,1861.14 10 0
github.com/charmbracelet/ultraviolet/decoder.go:1861.14,1863.4 1 0
github.com/charmbracelet/ultraviolet/decoder.go:1864.3,1864.30 1 0
github.com/charmbracelet/ultraviolet/decoder.go:1867.2,1869.9 3 0
github.com/charmbracelet/ultraviolet/decoder.go:1870.16,1873.45 1 0
github.com/charmbracelet/ultraviolet/decoder.go:1873.45,1876.9 2 0
github.com/charmbracelet/ultraviolet/decoder.go:1880.3,1883.13 2 0
github.com/charmbracelet/ultraviolet/decoder.go:1884.31,1885.26 1 0
github.com/charmbracelet/ultraviolet/decoder.go:1886.30,1887.20 1 0
github.com/charmbracelet/ultraviolet/decoder.go:1888.33,1889.22 1 0
github.com/charmbracelet/ultraviolet/decoder.go:1890.32,1892.38 1 0
github.com/charmbracelet/ultraviolet/decoder.go:1892.38,1893.38 1 0
github.com/charmbracelet/ultraviolet/decoder.go:1893.38,1895.5 1 0
github.com/charmbracelet/ultraviolet/decoder.go:1895.10,1897.5 1 0
github.com/charmbracelet/ultraviolet/decoder.go:1898.9,1898.51 1 0
github.com/charmbracelet/ultraviolet/decoder.go:1898.51,1899.44 1 0
github.com/charmbracelet/ultraviolet/decoder.go:1899.44,1901.5 1 0
github.com/charmbracelet/ultraviolet/decoder.go:1901.10,1903.5 1 0
github.com/charmbracelet/ultraviolet/decoder.go:1905.34,1906.42 1 0
github.com/charmbracelet/ultraviolet/decoder.go:1906.42,1908.4 1 0
github.com/charmbracelet/ultraviolet/decoder.go:1908.9,1908.50 1 0
github.com/charmbracelet/ultraviolet/decoder.go:1908.50,1910.4 1 0
github.com/charmbracelet/ultraviolet/decoder.go:1910.9,1910.55 1 0
github.com/charmbracelet/ultraviolet/decoder.go:1910.55,1912.4 1 0
github.com/charmbracelet/ultraviolet/decoder.go:1912.9,1912.56 1 0
github.com/charmbracelet/ultraviolet/decoder.go:1912.56,1914.4 1 0
github.com/charmbracelet/ultraviolet/decoder.go:1915.31,1916.41 1 0
github.com/charmbracelet/ultraviolet/decoder.go:1916.41,1918.4 1 0
github.com/charmbracelet/ultraviolet/decoder.go:1918.9,1918.49 1 0
github.com/charmbracelet/ultraviolet/decoder.go:1918.49,1920.4 1 0
github.com/charmbracelet/ultraviolet/decoder.go:1920.9,1920.54 1 0
github.com/charmbracelet/ultraviolet/decoder.go:1920.54,1922.4 1 0
github.com/charmbracelet/ultraviolet/decoder.go:1922.9,1922.55 1 0
github.com/charmbracelet/ultraviolet/decoder.go:1922.55,1924.4 1 0
github.com/charmbracelet/ultraviolet/decoder.go:1925.32,1926.22 1 0
github.com/charmbracelet/ultraviolet/decoder.go:1927.34,1928.25 1 0
github.com/charmbracelet/ultraviolet/decoder.go:1929.33,1930.23 1 0
github.com/charmbracelet/ultraviolet/decoder.go:1931.32,1932.22 1 0
github.com/charmbracelet/ultraviolet/decoder.go:1933.32,1934.21 1 0
github.com/charmbracelet/ultraviolet/decoder.go:1935.31,1936.23 1 0
github.com/charmbracelet/ultraviolet/decoder.go:1937.30,1938.20 1 0
github.com/charmbracelet/ultraviolet/decoder.go:1939.31,1940.21 1 0
github.com/charmbracelet/ultraviolet/decoder.go:1941.31,1942.21 1 0
github.com/charmbracelet/ultraviolet/decoder.go:1943.29,1944.19 1 0
github.com/charmbracelet/ultraviolet/decoder.go:1945.32,1946.22 1 0
github.com/charmbracelet/ultraviolet/decoder.go:1947.31,1948.21 1 0
github.com/charmbracelet/ultraviolet/decoder.go:1949.33,1950.23 1 0
github.com/charmbracelet/ultraviolet/decoder.go:1951.35,1952.28 1 0
github.com/charmbracelet/ultraviolet/decoder.go:1953.33,1954.23 1 0
github.com/charmbracelet/ultraviolet/decoder.go:1955.33,1956.23 1 0
github.com/charmbracelet/ultraviolet/decoder.go:1957.32,1958.23 1 0
github.com/charmbracelet/ultraviolet/decoder.go:1959.32,1961.28 1 0
github.com/charmbracelet/ultraviolet/decoder.go:1962.31,1963.26 1 0
github.com/charmbracelet/ultraviolet/decoder.go:1964.31,1965.27 1 0
github.com/charmbracelet/ultraviolet/decoder.go:1966.31,1967.21 1 0
github.com/charmbracelet/ultraviolet/decoder.go:1968.64,1970.57 2 0
github.com/charmbracelet/ultraviolet/decoder.go:1971.35,1973.13 2 0
github.com/charmbracelet/ultraviolet/decoder.go:1974.30,1976.13 2 0
github.com/charmbracelet/ultraviolet/decoder.go:1977.36,1979.13 2 0
github.com/charmbracelet/ultraviolet/decoder.go:1980.35,1982.13 2 0
github.com/charmbracelet/ultraviolet/decoder.go:1983.34,1985.13 2 0
github.com/charmbracelet/ultraviolet/decoder.go:1986.33,1988.13 2 0
github.com/charmbracelet/ultraviolet/decoder.go:1989.55,1990.46 1 0
github.com/charmbracelet/ultraviolet/decoder.go:1991.34,1992.24 1 0
github.com/charmbracelet/ultraviolet/decoder.go:1993.33,1994.27 1 0
github.com/charmbracelet/ultraviolet/decoder.go:1995.33,1996.26 1 0
github.com/charmbracelet/ultraviolet/decoder.go:1997.33,1998.27 1 0
github.com/charmbracelet/ultraviolet/decoder.go:1999.35,2000.25 1 0
github.com/charmbracelet/ultraviolet/decoder.go:2001.35,2002.26 1 0
github.com/charmbracelet/ultraviolet/decoder.go:2003.32,2004.24 1 0
github.com/charmbracelet/ultraviolet/decoder.go:2005.32,2006.25 1 0
github.com/charmbracelet/ultraviolet/decoder.go:2007.38,2008.21 1 0
github.com/charmbracelet/ultraviolet/decoder.go:2009.38,2010.25 1 0
github.com/charmbracelet/ultraviolet/decoder.go:2011.36,2012.25 1 0
github.com/charmbracelet/ultraviolet/decoder.go:2013.43,2014.26 1 0
github.com/charmbracelet/ultraviolet/decoder.go:2015.43,2016.26 1 0
github.com/charmbracelet/ultraviolet/decoder.go:2017.37,2018.26 1 0
github.com/charmbracelet/ultraviolet/decoder.go:2019.43,2020.31 1 0
github.com/charmbracelet/ultraviolet/decoder.go:2021.32,2022.17 1 0
github.com/charmbracelet/ultraviolet/decoder.go:2023.35,2024.17 1 0
github.com/charmbracelet/ultraviolet/decoder.go:2025.36,2026.17 1 0
github.com/charmbracelet/ultraviolet/decoder.go:2027.36,2028.17 1 0
github.com/charmbracelet/ultraviolet/decoder.go:2029.37,2030.17 1 0
github.com/charmbracelet/ultraviolet/decoder.go:2031.32,2032.17 1 0
github.com/charmbracelet/ultraviolet/decoder.go:2033.32,2034.17 1 0
github.com/charmbracelet/ultraviolet/decoder.go:2035.32,2036.17 1 0
github.com/charmbracelet/ultraviolet/decoder.go:2037.32,2038.18 1 0
github.com/charmbracelet/ultraviolet/decoder.go:2039.32,2040.17 1 0
github.com/charmbracelet/ultraviolet/decoder.go:2041.32,2042.18 1 0
github.com/charmbracelet/ultraviolet/decoder.go:2045.2,2045.26 1 0
github.com/charmbracelet/ultraviolet/decoder.go:2045.26,2049.3 3 0
github.com/charmbracelet/ultraviolet/decoder.go:2054.2,2060.52 5 0
github.com/charmbracelet/ultraviolet/decoder.go:2060.52,2062.3 1 0
github.com/charmbracelet/ultraviolet/decoder.go:2062.8,2062.18 1 0
github.com/charmbracelet/ultraviolet/decoder.go:2062.18,2069.11 3 0
github.com/charmbracelet/ultraviolet/decoder.go:2069.11,2073.4 1 0
github.com/charmbracelet/ultraviolet/decoder.go:2076.2,2081.13 6 0
github.com/charmbracelet/ultraviolet/decoder.go:2081.13,2083.3 1 0
github.com/charmbracelet/ultraviolet/decoder.go:2085.2,2085.29 1 0
github.com/charmbracelet/ultraviolet/decoder.go:2090.45,2091.24 1 0
github.com/charmbracelet/ultraviolet/decoder.go:2091.24,2093.3 1 0
github.com/charmbracelet/ultraviolet/decoder.go:2095.2,2097.25 3 0
github.com/charmbracelet/ultraviolet/decoder.go:2097.25,2098.32 1 0
github.com/charmbracelet/ultraviolet/decoder.go:2098.32,2101.4 2 0
github.com/charmbracelet/ultraviolet/decoder.go:2102.8,2103.32 1 0
github.com/charmbracelet/ultraviolet/decoder.go:2103.32,2106.4 2 0
github.com/charmbracelet/ultraviolet/decoder.go:2109.2,2109.12 1 0
github.com/charmbracelet/ultraviolet/decoder.go:2114.54,2115.81 1 0
github.com/charmbracelet/ultraviolet/decoder.go:2115.81,2117.3 1 0
github.com/charmbracelet/ultraviolet/decoder.go:2118.2,2118.79 1 0
github.com/charmbracelet/ultraviolet/decoder.go:2118.79,2120.3 1 0
github.com/charmbracelet/ultraviolet/decoder.go:2121.2,2121.37 1 0
github.com/charmbracelet/ultraviolet/decoder.go:2121.37,2123.3 1 0
github.com/charmbracelet/ultraviolet/decoder.go:2124.2,2124.35 1 0
github.com/charmbracelet/ultraviolet/decoder.go:2124.35,2126.3 1 0
github.com/charmbracelet/ultraviolet/decoder.go:2127.2,2127.34 1 0
github.com/charmbracelet/ultraviolet/decoder.go:2127.34,2129.3 1 0
github.com/charmbracelet/ultraviolet/decoder.go:2130.2,2130.37 1 0
github.com/charmbracelet/ultraviolet/decoder.go:2130.37,2132.3 1 0
github.com/charmbracelet/ultraviolet/decoder.go:2133.2,2133.8 1 0
github.com/charmbracelet/ultraviolet/environ.go:14.48,17.2 2 1
github.com/charmbracelet/ultraviolet/environ.go:23.59,24.35 1 1
github.com/charmbracelet/ultraviolet/environ.go:24.35,25.39 1 1
github.com/charmbracelet/ultraviolet/environ.go:25.39,28.9 3 1
github.com/charmbracelet/ultraviolet/environ.go:31.2,31.8 1 1
github.com/charmbracelet/ultraviolet/event.go:30.39,32.2 1 1
github.com/charmbracelet/ultraviolet/event.go:38.42,40.2 1 1
github.com/charmbracelet/ultraviolet/event.go:46.42,48.2 1 0
github.com/charmbracelet/ultraviolet/event.go:54.42,56.2 1 0
github.com/charmbracelet/ultraviolet/event.go:62.42,64.2 1 0
github.com/charmbracelet/ultraviolet/event.go:70.42,72.2 1 0
github.com/charmbracelet/ultraviolet/event.go:78.41,80.2 1 0
github.com/charmbracelet/ultraviolet/event.go:86.42,88.2 1 1
github.com/charmbracelet/ultraviolet/event.go:94.37,96.23 2 0
github.com/charmbracelet/ultraviolet/event.go:96.23,98.3 1 0
github.com/charmbracelet/ultraviolet/event.go:99.2,99.20 1 0
github.com/charmbracelet/ultraviolet/event.go:109.34,114.2 1 0
github.com/charmbracelet/ultraviolet/event.go:120.45,122.2 1 0
github.com/charmbracelet/ultraviolet/event.go:128.50,130.2 1 0
github.com/charmbracelet/ultraviolet/event.go:136.43,138.2 1 0
github.com/charmbracelet/ultraviolet/event.go:147.51,149.2 1 0
github.com/charmbracelet/ultraviolet/event.go:156.56,158.2 1 0
github.com/charmbracelet/ultraviolet/event.go:162.40,164.2 1 1
github.com/charmbracelet/ultraviolet/event.go:180.43,182.2 1 0
github.com/charmbracelet/ultraviolet/event.go:186.34,188.2 1 0
github.com/charmbracelet/ultraviolet/event.go:197.53,199.2 1 0
github.com/charmbracelet/ultraviolet/event.go:206.58,208.2 1 0
github.com/charmbracelet/ultraviolet/event.go:212.42,214.2 1 0
github.com/charmbracelet/ultraviolet/event.go:230.45,232.2 1 0
github.com/charmbracelet/ultraviolet/event.go:237.36,239.2 1 0
github.com/charmbracelet/ultraviolet/event.go:268.42,270.2 1 1
github.com/charmbracelet/ultraviolet/event.go:275.40,277.2 1 0
github.com/charmbracelet/ultraviolet/event.go:283.44,285.2 1 1
github.com/charmbracelet/ultraviolet/event.go:290.42,292.2 1 0
github.com/charmbracelet/ultraviolet/event.go:298.42,300.2 1 1
github.com/charmbracelet/ultraviolet/event.go:305.40,307.2 1 0
github.com/charmbracelet/ultraviolet/event.go:313.43,315.19 2 1
github.com/charmbracelet/ultraviolet/event.go:315.19,317.3 1 1
github.com/charmbracelet/ultraviolet/event.go:318.2,318.30 1 1
github.com/charmbracelet/ultraviolet/event.go:324.41,326.2 1 0
github.com/charmbracelet/ultraviolet/event.go:387.65,389.2 1 0
github.com/charmbracelet/ultraviolet/event.go:433.47,435.2 1 0
github.com/charmbracelet/ultraviolet/event.go:438.45,440.2 1 0
github.com/charmbracelet/ultraviolet/event.go:448.47,450.2 1 0
github.com/charmbracelet/ultraviolet/event.go:453.45,455.2 1 0
github.com/charmbracelet/ultraviolet/event.go:463.43,465.2 1 0
github.com/charmbracelet/ultraviolet/event.go:468.41,470.2 1 0
github.com/charmbracelet/ultraviolet/event.go:505.41,507.2 1 0
github.com/charmbracelet/ultraviolet/key.go:43.44,45.2 1 1
github.com/charmbracelet/ultraviolet/key.go:314.41,321.29 3 1
github.com/charmbracelet/ultraviolet/key.go:321.29,322.15 1 1
github.com/charmbracelet/ultraviolet/key.go:323.15,324.18 1 1
github.com/charmbracelet/ultraviolet/key.go:325.14,326.17 1 1
github.com/charmbracelet/ultraviolet/key.go:327.16,328.19 1 1
github.com/charmbracelet/ultraviolet/key.go:329.15,330.18 1 0
github.com/charmbracelet/ultraviolet/key.go:331.16,332.19 1 0
github.com/charmbracelet/ultraviolet/key.go:333.16,334.19 1 0
github.com/charmbracelet/ultraviolet/key.go:335.19,336.22 1 0
github.com/charmbracelet/ultraviolet/key.go:337.21,338.24 1 0
github.com/charmbracelet/ultraviolet/key.go:339.18,340.21 1 0
github.com/charmbracelet/ultraviolet/key.go:341.11,343.40 1 1
github.com/charmbracelet/ultraviolet/key.go:343.40,345.5 1 1
github.com/charmbracelet/ultraviolet/key.go:345.10,347.42 1 1
github.com/charmbracelet/ultraviolet/key.go:347.42,349.6 1 1
github.com/charmbracelet/ultraviolet/key.go:349.11,353.6 2 0
github.com/charmbracelet/ultraviolet/key.go:359.2,360.54 2 1
github.com/charmbracelet/ultraviolet/key.go:360.54,361.48 1 1
github.com/charmbracelet/ultraviolet/key.go:361.48,364.4 1 1
github.com/charmbracelet/ultraviolet/key.go:364.9,367.4 1 1
github.com/charmbracelet/ultraviolet/key.go:371.2,372.35 1 1
github.com/charmbracelet/ultraviolet/key.go:380.46,381.23 1 0
github.com/charmbracelet/ultraviolet/key.go:381.23,382.23 1 0
github.com/charmbracelet/ultraviolet/key.go:382.23,384.4 1 0
github.com/charmbracelet/ultraviolet/key.go:386.2,386.14 1 0
github.com/charmbracelet/ultraviolet/key.go:395.30,396.38 1 1
github.com/charmbracelet/ultraviolet/key.go:396.38,398.3 1 1
github.com/charmbracelet/ultraviolet/key.go:399.2,399.22 1 1
github.com/charmbracelet/ultraviolet/key.go:416.33,418.80 2 1
github.com/charmbracelet/ultraviolet/key.go:418.80,420.3 1 1
github.com/charmbracelet/ultraviolet/key.go:421.2,421.77 1 1
github.com/charmbracelet/ultraviolet/key.go:421.77,423.3 1 1
github.com/charmbracelet/ultraviolet/key.go:424.2,424.83 1 1
github.com/charmbracelet/ultraviolet/key.go:424.83,426.3 1 1
github.com/charmbracelet/ultraviolet/key.go:427.2,427.80 1 1
github.com/charmbracelet/ultraviolet/key.go:427.80,429.3 1 0
github.com/charmbracelet/ultraviolet/key.go:430.2,430.83 1 1
github.com/charmbracelet/ultraviolet/key.go:430.83,432.3 1 0
github.com/charmbracelet/ultraviolet/key.go:433.2,433.83 1 1
github.com/charmbracelet/ultraviolet/key.go:433.83,435.3 1 0
github.com/charmbracelet/ultraviolet/key.go:437.2,437.41 1 1
github.com/charmbracelet/ultraviolet/key.go:437.41,439.3 1 1
github.com/charmbracelet/ultraviolet/key.go:439.8,441.22 2 1
github.com/charmbracelet/ultraviolet/key.go:441.22,445.4 1 0
github.com/charmbracelet/ultraviolet/key.go:447.3,447.15 1 1
github.com/charmbracelet/ultraviolet/key.go:448.17,450.27 1 0
github.com/charmbracelet/ultraviolet/key.go:451.20,454.26 1 0
github.com/charmbracelet/ultraviolet/key.go:455.11,456.22 1 1
github.com/charmbracelet/ultraviolet/key.go:460.2,460.20 1 1
github.com/charmbracelet/ultraviolet/key_table.go:13.92,15.27 2 1
github.com/charmbracelet/ultraviolet/key_table.go:15.27,17.3 1 0
github.com/charmbracelet/ultraviolet/key_table.go:19.2,20.26 2 1
github.com/charmbracelet/ultraviolet/key_table.go:20.26,22.3 1 0
github.com/charmbracelet/ultraviolet/key_table.go:24.2,25.26 2 1
github.com/charmbracelet/ultraviolet/key_table.go:25.26,27.3 1 0
github.com/charmbracelet/ultraviolet/key_table.go:29.2,30.36 2 1
github.com/charmbracelet/ultraviolet/key_table.go:30.36,32.3 1 0
github.com/charmbracelet/ultraviolet/key_table.go:34.2,35.30 2 1
github.com/charmbracelet/ultraviolet/key_table.go:35.30,37.3 1 0
github.com/charmbracelet/ultraviolet/key_table.go:39.2,40.25 2 1
github.com/charmbracelet/ultraviolet/key_table.go:40.25,42.3 1 0
github.com/charmbracelet/ultraviolet/key_table.go:44.2,45.27 2 1
github.com/charmbracelet/ultraviolet/key_table.go:45.27,47.3 1 0
github.com/charmbracelet/ultraviolet/key_table.go:57.2,214.33 11 1
github.com/charmbracelet/ultraviolet/key_table.go:214.33,226.3 7 1
github.com/charmbracelet/ultraviolet/key_table.go:237.2,282.30 42 1
github.com/charmbracelet/ultraviolet/key_table.go:282.30,287.3 4 1
github.com/charmbracelet/ultraviolet/key_table.go:288.2,288.29 1 1
github.com/charmbracelet/ultraviolet/key_table.go:288.29,290.3 1 1
github.com/charmbracelet/ultraviolet/key_table.go:295.2,348.30 5 1
github.com/charmbracelet/ultraviolet/key_table.go:348.30,353.33 2 1
github.com/charmbracelet/ultraviolet/key_table.go:353.33,359.4 4 1
github.com/charmbracelet/ultraviolet/key_table.go:361.3,361.33 1 1
github.com/charmbracelet/ultraviolet/key_table.go:361.33,366.4 4 1
github.com/charmbracelet/ultraviolet/key_table.go:368.3,368.34 1 1
github.com/charmbracelet/ultraviolet/key_table.go:368.34,373.4 4 1
github.com/charmbracelet/ultraviolet/key_table.go:375.3,375.37 1 1
github.com/charmbracelet/ultraviolet/key_table.go:375.37,381.4 5 1
github.com/charmbracelet/ultraviolet/key_table.go:386.2,386.17 1 1
github.com/charmbracelet/ultraviolet/key_table.go:386.17,388.33 2 1
github.com/charmbracelet/ultraviolet/key_table.go:388.33,390.4 1 0
github.com/charmbracelet/ultraviolet/key_table.go:393.2,393.14 1 1
github.com/charmbracelet/ultraviolet/key_table.go:396.77,399.15 3 1
github.com/charmbracelet/ultraviolet/key_table.go:399.15,401.3 1 0
github.com/charmbracelet/ultraviolet/key_table.go:403.2,406.46 2 1
github.com/charmbracelet/ultraviolet/key_table.go:406.46,407.53 1 1
github.com/charmbracelet/ultraviolet/key_table.go:407.53,408.12 1 1
github.com/charmbracelet/ultraviolet/key_table.go:411.3,411.33 1 0
github.com/charmbracelet/ultraviolet/key_table.go:411.33,413.4 1 0
github.com/charmbracelet/ultraviolet/key_table.go:417.2,417.49 1 1
github.com/charmbracelet/ultraviolet/key_table.go:417.49,418.53 1 0
github.com/charmbracelet/ultraviolet/key_table.go:418.53,419.12 1 0
github.com/charmbracelet/ultraviolet/key_table.go:422.3,422.33 1 0
github.com/charmbracelet/ultraviolet/key_table.go:422.33,424.4 1 0
github.com/charmbracelet/ultraviolet/key_table.go:427.2,427.14 1 1
github.com/charmbracelet/ultraviolet/key_table.go:444.66,609.26 2 1
github.com/charmbracelet/ultraviolet/key_table.go:609.26,661.3 51 0
github.com/charmbracelet/ultraviolet/key_table.go:663.2,663.13 1 1
github.com/charmbracelet/ultraviolet/mouse.go:67.36,68.29 1 1
github.com/charmbracelet/ultraviolet/mouse.go:68.29,70.3 1 1
github.com/charmbracelet/ultraviolet/mouse.go:71.2,71.28 1 1
github.com/charmbracelet/ultraviolet/mouse.go:71.28,73.3 1 1
github.com/charmbracelet/ultraviolet/mouse.go:74.2,74.30 1 1
github.com/charmbracelet/ultraviolet/mouse.go:74.30,76.3 1 1
github.com/charmbracelet/ultraviolet/mouse.go:78.2,79.15 2 1
github.com/charmbracelet/ultraviolet/mouse.go:79.15,81.3 1 1
github.com/charmbracelet/ultraviolet/mouse.go:81.8,81.26 1 1
github.com/charmbracelet/ultraviolet/mouse.go:81.26,83.3 1 1
github.com/charmbracelet/ultraviolet/mouse.go:85.2,85.10 1 1
github.com/charmbracelet/ultraviolet/styled.go:31.48,35.2 3 1
github.com/charmbracelet/ultraviolet/styled.go:39.57,41.43 1 1
github.com/charmbracelet/ultraviolet/styled.go:41.43,42.44 1 1
github.com/charmbracelet/ultraviolet/styled.go:42.44,44.4 1 1
github.com/charmbracelet/ultraviolet/styled.go:46.2,51.90 4 1
github.com/charmbracelet/ultraviolet/styled.go:56.37,58.2 1 0
github.com/charmbracelet/ultraviolet/styled.go:62.43,65.2 2 0
github.com/charmbracelet/ultraviolet/styled.go:69.38,72.2 2 0
github.com/charmbracelet/ultraviolet/styled.go:74.62,77.26 3 1
github.com/charmbracelet/ultraviolet/styled.go:77.26,79.3 1 1
github.com/charmbracelet/ultraviolet/styled.go:80.2,80.8 1 1
github.com/charmbracelet/ultraviolet/styled.go:84.43,87.2 2 1
github.com/charmbracelet/ultraviolet/styled.go:90.18,92.3 1 1
[...]
github.com/charmbracelet/ultraviolet/terminal_renderer.go:1599.16,1602.15 2 1
github.com/charmbracelet/ultraviolet/terminal_renderer.go:1603.15,1605.49 1 1
github.com/charmbracelet/ultraviolet/terminal_renderer.go:1608.2,1608.10 1 1
github.com/charmbracelet/ultraviolet/terminal_renderer_hardscroll.go:11.59,13.47 2 1
github.com/charmbracelet/ultraviolet/terminal_renderer_hardscroll.go:13.47,15.3 1 1
github.com/charmbracelet/ultraviolet/terminal_renderer_hardscroll.go:18.2,19.29 2 1
github.com/charmbracelet/ultraviolet/terminal_renderer_hardscroll.go:19.29,21.3 1 0
github.com/charmbracelet/ultraviolet/terminal_renderer_hardscroll.go:24.2,24.26 1 1
github.com/charmbracelet/ultraviolet/terminal_renderer_hardscroll.go:24.26,25.67 1 1
github.com/charmbracelet/ultraviolet/terminal_renderer_hardscroll.go:25.67,27.4 1 1
github.com/charmbracelet/ultraviolet/terminal_renderer_hardscroll.go:28.3,28.18 1 1
github.com/charmbracelet/ultraviolet/terminal_renderer_hardscroll.go:28.18,29.9 1 1
github.com/charmbracelet/ultraviolet/terminal_renderer_hardscroll.go:32.3,36.71 4 1
github.com/charmbracelet/ultraviolet/terminal_renderer_hardscroll.go:36.71,38.4 1 1
github.com/charmbracelet/ultraviolet/terminal_renderer_hardscroll.go:39.3,41.54 2 1
github.com/charmbracelet/ultraviolet/terminal_renderer_hardscroll.go:41.54,42.12 1 0
github.com/charmbracelet/ultraviolet/terminal_renderer_hardscroll.go:47.2,47.31 1 1
github.com/charmbracelet/ultraviolet/terminal_renderer_hardscroll.go:47.31,48.63 1 1
github.com/charmbracelet/ultraviolet/terminal_renderer_hardscroll.go:48.63,50.4 1 1
github.com/charmbracelet/ultraviolet/terminal_renderer_hardscroll.go:51.3,51.12 1 1
github.com/charmbracelet/ultraviolet/terminal_renderer_hardscroll.go:51.12,52.9 1 1
github.com/charmbracelet/ultraviolet/terminal_renderer_hardscroll.go:55.3,59.67 4 1
github.com/charmbracelet/ultraviolet/terminal_renderer_hardscroll.go:59.67,61.4 1 1
github.com/charmbracelet/ultraviolet/terminal_renderer_hardscroll.go:63.3,64.54 2 1
github.com/charmbracelet/ultraviolet/terminal_renderer_hardscroll.go:64.54,65.12 1 0
github.com/charmbracelet/ultraviolet/terminal_renderer_hardscroll.go:71.84,78.11 3 1
github.com/charmbracelet/ultraviolet/terminal_renderer_hardscroll.go:78.11,81.9 2 1
github.com/charmbracelet/ultraviolet/terminal_renderer_hardscroll.go:81.9,89.4 5 0
github.com/charmbracelet/ultraviolet/terminal_renderer_hardscroll.go:91.3,91.9 1 1
github.com/charmbracelet/ultraviolet/terminal_renderer_hardscroll.go:91.9,93.4 1 0
github.com/charmbracelet/ultraviolet/terminal_renderer_hardscroll.go:96.3,97.58 1 1
github.com/charmbracelet/ultraviolet/terminal_renderer_hardscroll.go:97.58,98.19 1 0
github.com/charmbracelet/ultraviolet/terminal_renderer_hardscroll.go:98.19,101.5 2 0
github.com/charmbracelet/ultraviolet/terminal_renderer_hardscroll.go:101.10,102.28 1 0
github.com/charmbracelet/ultraviolet/terminal_renderer_hardscroll.go:102.28,105.6 2 0
github.com/charmbracelet/ultraviolet/terminal_renderer_hardscroll.go:108.8,108.18 1 1
github.com/charmbracelet/ultraviolet/terminal_renderer_hardscroll.go:108.18,111.9 2 1
github.com/charmbracelet/ultraviolet/terminal_renderer_hardscroll.go:111.9,120.10 6 0
github.com/charmbracelet/ultraviolet/terminal_renderer_hardscroll.go:120.10,122.5 1 0
github.com/charmbracelet/ultraviolet/terminal_renderer_hardscroll.go:125.4,126.56 1 0
github.com/charmbracelet/ultraviolet/terminal_renderer_hardscroll.go:126.56,127.29 1 0
github.com/charmbracelet/ultraviolet/terminal_renderer_hardscroll.go:127.29,130.6 2 0
github.com/charmbracelet/ultraviolet/terminal_renderer_hardscroll.go:135.2,135.8 1 1
github.com/charmbracelet/ultraviolet/terminal_renderer_hardscroll.go:135.8,137.3 1 0
github.com/charmbracelet/ultraviolet/terminal_renderer_hardscroll.go:139.2,144.13 3 1
github.com/charmbracelet/ultraviolet/terminal_renderer_hardscroll.go:148.82,149.47 1 1
github.com/charmbracelet/ultraviolet/terminal_renderer_hardscroll.go:149.47,152.3 1 0
github.com/charmbracelet/ultraviolet/terminal_renderer_hardscroll.go:154.2,154.11 1 1
github.com/charmbracelet/ultraviolet/terminal_renderer_hardscroll.go:154.11,157.70 2 1
github.com/charmbracelet/ultraviolet/terminal_renderer_hardscroll.go:157.70,159.4 1 1
github.com/charmbracelet/ultraviolet/terminal_renderer_hardscroll.go:160.3,160.80 1 1
github.com/charmbracelet/ultraviolet/terminal_renderer_hardscroll.go:160.80,162.4 1 1
github.com/charmbracelet/ultraviolet/terminal_renderer_hardscroll.go:165.2,165.11 1 1
github.com/charmbracelet/ultraviolet/terminal_renderer_hardscroll.go:165.11,168.81 2 1
github.com/charmbracelet/ultraviolet/terminal_renderer_hardscroll.go:168.81,170.4 1 1
github.com/charmbracelet/ultraviolet/terminal_renderer_hardscroll.go:171.3,171.69 1 1
github.com/charmbracelet/ultraviolet/terminal_renderer_hardscroll.go:171.69,173.4 1 1
github.com/charmbracelet/ultraviolet/terminal_renderer_hardscroll.go:176.2,176.38 1 1
github.com/charmbracelet/ultraviolet/terminal_renderer_hardscroll.go:180.78,182.92 2 1
github.com/charmbracelet/ultraviolet/terminal_renderer_hardscroll.go:182.92,184.3 1 0
github.com/charmbracelet/ultraviolet/terminal_renderer_hardscroll.go:186.2,187.68 2 1
github.com/charmbracelet/ultraviolet/terminal_renderer_hardscroll.go:187.68,188.14 1 1
github.com/charmbracelet/ultraviolet/terminal_renderer_hardscroll.go:188.14,190.4 1 1
github.com/charmbracelet/ultraviolet/terminal_renderer_hardscroll.go:190.9,192.4 1 0
github.com/charmbracelet/ultraviolet/terminal_renderer_hardscroll.go:197.100,198.42 1 1
github.com/charmbracelet/ultraviolet/terminal_renderer_hardscroll.go:198.42,202.3 3 1
github.com/charmbracelet/ultraviolet/terminal_renderer_hardscroll.go:202.8,202.34 1 1
github.com/charmbracelet/ultraviolet/terminal_renderer_hardscroll.go:202.34,206.3 3 0
github.com/charmbracelet/ultraviolet/terminal_renderer_hardscroll.go:206.8,206.39 1 1
github.com/charmbracelet/ultraviolet/terminal_renderer_hardscroll.go:206.39,210.17 4 1
github.com/charmbracelet/ultraviolet/terminal_renderer_hardscroll.go:210.17,212.4 1 1
github.com/charmbracelet/ultraviolet/terminal_renderer_hardscroll.go:212.9,214.4 1 0
github.com/charmbracelet/ultraviolet/terminal_renderer_hardscroll.go:215.8,215.24 1 0
github.com/charmbracelet/ultraviolet/terminal_renderer_hardscroll.go:215.24,219.3 3 0
github.com/charmbracelet/ultraviolet/terminal_renderer_hardscroll.go:219.8,221.3 1 0
github.com/charmbracelet/ultraviolet/terminal_renderer_hardscroll.go:222.2,222.13 1 1
github.com/charmbracelet/ultraviolet/terminal_renderer_hardscroll.go:226.102,227.42 1 1
github.com/charmbracelet/ultraviolet/terminal_renderer_hardscroll.go:227.42,231.3 3 0
github.com/charmbracelet/ultraviolet/terminal_renderer_hardscroll.go:231.8,231.34 1 1
github.com/charmbracelet/ultraviolet/terminal_renderer_hardscroll.go:231.34,235.3 3 1
github.com/charmbracelet/ultraviolet/terminal_renderer_hardscroll.go:235.8,235.39 1 0
github.com/charmbracelet/ultraviolet/terminal_renderer_hardscroll.go:235.39,238.29 3 0
github.com/charmbracelet/ultraviolet/terminal_renderer_hardscroll.go:238.29,240.4 1 0
github.com/charmbracelet/ultraviolet/terminal_renderer_hardscroll.go:240.9,242.4 1 0
github.com/charmbracelet/ultraviolet/terminal_renderer_hardscroll.go:243.8,243.24 1 0
github.com/charmbracelet/ultraviolet/terminal_renderer_hardscroll.go:243.24,247.3 3 0
github.com/charmbracelet/ultraviolet/terminal_renderer_hardscroll.go:247.8,249.3 1 0
github.com/charmbracelet/ultraviolet/terminal_renderer_hardscroll.go:250.2,250.13 1 1
github.com/charmbracelet/ultraviolet/terminal_renderer_hardscroll.go:255.89,256.11 1 0
github.com/charmbracelet/ultraviolet/terminal_renderer_hardscroll.go:256.11,258.3 1 0
github.com/charmbracelet/ultraviolet/terminal_renderer_hardscroll.go:261.2,270.13 7 0
github.com/charmbracelet/ultraviolet/terminal_renderer_hashmap.go:6.43,8.22 2 1
github.com/charmbracelet/ultraviolet/terminal_renderer_hashmap.go:8.22,11.3 1 1
github.com/charmbracelet/ultraviolet/terminal_renderer_hashmap.go:13.2,13.18 1 1
github.com/charmbracelet/ultraviolet/terminal_renderer_hashmap.go:27.58,30.58 2 1
github.com/charmbracelet/ultraviolet/terminal_renderer_hashmap.go:30.58,32.25 1 0
github.com/charmbracelet/ultraviolet/terminal_renderer_hashmap.go:32.25,33.57 1 0
github.com/charmbracelet/ultraviolet/terminal_renderer_hashmap.go:33.57,39.5 2 0
github.com/charmbracelet/ultraviolet/terminal_renderer_hashmap.go:41.8,43.31 1 1
github.com/charmbracelet/ultraviolet/terminal_renderer_hashmap.go:43.31,45.4 1 1
github.com/charmbracelet/ultraviolet/terminal_renderer_hashmap.go:46.3,46.31 1 1
github.com/charmbracelet/ultraviolet/terminal_renderer_hashmap.go:46.31,48.4 1 1
github.com/charmbracelet/ultraviolet/terminal_renderer_hashmap.go:49.3,49.25 1 1
github.com/charmbracelet/ultraviolet/terminal_renderer_hashmap.go:49.25,52.4 2 1
github.com/charmbracelet/ultraviolet/terminal_renderer_hashmap.go:55.2,56.24 2 1
github.com/charmbracelet/ultraviolet/terminal_renderer_hashmap.go:56.24,61.73 3 1
github.com/charmbracelet/ultraviolet/terminal_renderer_hashmap.go:61.73,62.39 1 1
github.com/charmbracelet/ultraviolet/terminal_renderer_hashmap.go:62.39,63.10 1 1
github.com/charmbracelet/ultraviolet/terminal_renderer_hashmap.go:67.3,69.30 3 1
github.com/charmbracelet/ultraviolet/terminal_renderer_hashmap.go:71.2,71.24 1 1
github.com/charmbracelet/ultraviolet/terminal_renderer_hashmap.go:71.24,76.73 3 1
github.com/charmbracelet/ultraviolet/terminal_renderer_hashmap.go:76.73,77.39 1 1
github.com/charmbracelet/ultraviolet/terminal_renderer_hashmap.go:77.39,78.10 1 1
github.com/charmbracelet/ultraviolet/terminal_renderer_hashmap.go:82.3,85.25 4 1
github.com/charmbracelet/ultraviolet/terminal_renderer_hashmap.go:89.2,89.65 1 1
github.com/charmbracelet/ultraviolet/terminal_renderer_hashmap.go:89.65,91.77 2 1
github.com/charmbracelet/ultraviolet/terminal_renderer_hashmap.go:91.77,93.4 1 1
github.com/charmbracelet/ultraviolet/terminal_renderer_hashmap.go:96.2,101.26 2 1
github.com/charmbracelet/ultraviolet/terminal_renderer_hashmap.go:101.26,103.45 2 1
github.com/charmbracelet/ultraviolet/terminal_renderer_hashmap.go:103.45,105.4 1 1
github.com/charmbracelet/ultraviolet/terminal_renderer_hashmap.go:106.3,106.18 1 1
github.com/charmbracelet/ultraviolet/terminal_renderer_hashmap.go:106.18,107.9 1 1
github.com/charmbracelet/ultraviolet/terminal_renderer_hashmap.go:109.3,112.71 4 1
github.com/charmbracelet/ultraviolet/terminal_renderer_hashmap.go:112.71,114.4 1 1
github.com/charmbracelet/ultraviolet/terminal_renderer_hashmap.go:115.3,116.51 2 1
github.com/charmbracelet/ultraviolet/terminal_renderer_hashmap.go:116.51,117.18 1 0
github.com/charmbracelet/ultraviolet/terminal_renderer_hashmap.go:117.18,120.5 2 0
github.com/charmbracelet/ultraviolet/terminal_renderer_hashmap.go:125.2,125.21 1 1
github.com/charmbracelet/ultraviolet/terminal_renderer_hashmap.go:129.59,130.25 1 1
github.com/charmbracelet/ultraviolet/terminal_renderer_hashmap.go:130.25,132.3 1 0
github.com/charmbracelet/ultraviolet/terminal_renderer_hashmap.go:134.2,135.11 2 1
github.com/charmbracelet/ultraviolet/terminal_renderer_hashmap.go:135.11,139.32 2 1
github.com/charmbracelet/ultraviolet/terminal_renderer_hashmap.go:139.32,141.4 1 1
github.com/charmbracelet/ultraviolet/terminal_renderer_hashmap.go:142.8,146.32 2 1
github.com/charmbracelet/ultraviolet/terminal_renderer_hashmap.go:146.32,148.4 1 1
github.com/charmbracelet/ultraviolet/terminal_renderer_hashmap.go:152.54,161.44 3 1
github.com/charmbracelet/ultraviolet/terminal_renderer_hashmap.go:161.44,163.3 1 1
github.com/charmbracelet/ultraviolet/terminal_renderer_hashmap.go:164.2,164.33 1 1
github.com/charmbracelet/ultraviolet/terminal_renderer_hashmap.go:164.33,177.27 3 1
github.com/charmbracelet/ultraviolet/terminal_renderer_hashmap.go:177.27,179.4 1 1
github.com/charmbracelet/ultraviolet/terminal_renderer_hashmap.go:181.3,182.45 2 1
github.com/charmbracelet/ultraviolet/terminal_renderer_hashmap.go:182.45,184.4 1 1
github.com/charmbracelet/ultraviolet/terminal_renderer_hashmap.go:186.3,188.38 3 1
github.com/charmbracelet/ultraviolet/terminal_renderer_hashmap.go:188.38,190.4 1 1
github.com/charmbracelet/ultraviolet/terminal_renderer_hashmap.go:190.9,192.4 1 0
github.com/charmbracelet/ultraviolet/terminal_renderer_hashmap.go:194.3,197.16 2 1
github.com/charmbracelet/ultraviolet/terminal_renderer_hashmap.go:197.16,199.4 1 1
github.com/charmbracelet/ultraviolet/terminal_renderer_hashmap.go:200.3,200.22 1 1
github.com/charmbracelet/ultraviolet/terminal_renderer_hashmap.go:200.22,202.52 1 1
github.com/charmbracelet/ultraviolet/terminal_renderer_hashmap.go:202.52,204.5 1 0
github.com/charmbracelet/ultraviolet/terminal_renderer_hashmap.go:204.10,205.10 1 1
github.com/charmbracelet/ultraviolet/terminal_renderer_hashmap.go:207.4,207.7 1 0
github.com/charmbracelet/ultraviolet/terminal_renderer_hashmap.go:210.3,212.16 2 1
github.com/charmbracelet/ultraviolet/terminal_renderer_hashmap.go:212.16,214.4 1 1
github.com/charmbracelet/ultraviolet/terminal_renderer_hashmap.go:215.3,215.24 1 1
github.com/charmbracelet/ultraviolet/terminal_renderer_hashmap.go:215.24,217.52 1 1
github.com/charmbracelet/ultraviolet/terminal_renderer_hashmap.go:217.52,219.5 1 1
github.com/charmbracelet/ultraviolet/terminal_renderer_hashmap.go:219.10,220.10 1 0
github.com/charmbracelet/ultraviolet/terminal_renderer_hashmap.go:222.4,222.7 1 1
github.com/charmbracelet/ultraviolet/terminal_renderer_hashmap.go:225.3,227.16 3 1
github.com/charmbracelet/ultraviolet/terminal_renderer_hashmap.go:227.16,229.4 1 1
github.com/charmbracelet/ultraviolet/terminal_renderer_hashmap.go:235.89,236.16 1 1
github.com/charmbracelet/ultraviolet/terminal_renderer_hashmap.go:236.16,238.3 1 0
github.com/charmbracelet/ultraviolet/terminal_renderer_hashmap.go:240.2,241.25 2 1
github.com/charmbracelet/ultraviolet/terminal_renderer_hashmap.go:241.25,243.3 1 1
github.com/charmbracelet/ultraviolet/terminal_renderer_hashmap.go:249.2,250.11 2 1
github.com/charmbracelet/ultraviolet/terminal_renderer_hashmap.go:250.11,253.3 1 1
github.com/charmbracelet/ultraviolet/terminal_renderer_hashmap.go:253.8,256.3 1 0
github.com/charmbracelet/ultraviolet/terminal_renderer_hashmap.go:259.2,263.21 3 1
github.com/charmbracelet/ultraviolet/terminal_renderer_hashmap.go:263.21,266.3 1 1
github.com/charmbracelet/ultraviolet/terminal_renderer_hashmap.go:266.8,269.3 1 0
github.com/charmbracelet/ultraviolet/terminal_renderer_hashmap.go:272.2,275.40 2 1
github.com/charmbracelet/ultraviolet/terminal_renderer_hashmap.go:278.81,280.74 2 1
github.com/charmbracelet/ultraviolet/terminal_renderer_hashmap.go:280.74,281.45 1 1
github.com/charmbracelet/ultraviolet/terminal_renderer_hashmap.go:281.45,283.4 1 1
github.com/charmbracelet/ultraviolet/terminal_renderer_hashmap.go:285.2,285.8 1 1
github.com/charmbracelet/ultraviolet/terminal_renderer_hashmap.go:288.80,290.60 2 1
github.com/charmbracelet/ultraviolet/terminal_renderer_hashmap.go:290.60,291.35 1 1
github.com/charmbracelet/ultraviolet/terminal_renderer_hashmap.go:291.35,293.4 1 1
github.com/charmbracelet/ultraviolet/terminal_renderer_hashmap.go:295.2,295.8 1 1
github.com/charmbracelet/ultraviolet/terminal_tabdly.go:8.42,10.2 1 0
github.com/charmbracelet/ultraviolet/terminal_unix.go:10.36,13.39 2 0
github.com/charmbracelet/ultraviolet/terminal_unix.go:13.39,15.3 1 0
github.com/charmbracelet/ultraviolet/terminal_unix.go:18.2,18.51 1 0
github.com/charmbracelet/ultraviolet/terminal_unix.go:18.51,19.15 1 0
github.com/charmbracelet/ultraviolet/terminal_unix.go:19.15,20.12 1 0
github.com/charmbracelet/ultraviolet/terminal_unix.go:22.3,23.17 2 0
github.com/charmbracelet/ultraviolet/terminal_unix.go:23.17,24.9 1 0
github.com/charmbracelet/ultraviolet/terminal_unix.go:28.2,28.16 1 0
github.com/charmbracelet/ultraviolet/terminal_unix.go:28.16,30.3 1 0
github.com/charmbracelet/ultraviolet/terminal_unix.go:32.2,32.12 1 0
github.com/charmbracelet/ultraviolet/terminal_unix.go:35.52,38.51 2 0
github.com/charmbracelet/ultraviolet/terminal_unix.go:38.51,39.15 1 0
github.com/charmbracelet/ultraviolet/terminal_unix.go:39.15,40.12 1 0
github.com/charmbracelet/ultraviolet/terminal_unix.go:42.3,43.17 2 0
github.com/charmbracelet/ultraviolet/terminal_unix.go:43.17,45.4 1 0
github.com/charmbracelet/ultraviolet/terminal_unix.go:47.2,47.8 1 0
github.com/charmbracelet/ultraviolet/terminal_unix.go:50.40,54.63 3 0
github.com/charmbracelet/ultraviolet/terminal_unix.go:54.63,55.15 1 0
github.com/charmbracelet/ultraviolet/terminal_unix.go:55.15,56.12 1 0
github.com/charmbracelet/ultraviolet/terminal_unix.go:58.3,59.8 2 0
github.com/charmbracelet/ultraviolet/terminal_unix.go:61.2,61.18 1 0
github.com/charmbracelet/ultraviolet/terminal_unix.go:61.18,62.52 1 0
github.com/charmbracelet/ultraviolet/terminal_unix.go:62.52,63.16 1 0
github.com/charmbracelet/ultraviolet/terminal_unix.go:63.16,64.13 1 0
github.com/charmbracelet/ultraviolet/terminal_unix.go:66.4,67.18 2 0
github.com/charmbracelet/ultraviolet/terminal_unix.go:67.18,68.10 1 0
github.com/charmbracelet/ultraviolet/terminal_unix.go:72.2,72.18 1 0
github.com/charmbracelet/ultraviolet/terminal_unix.go:72.18,74.3 1 0
github.com/charmbracelet/ultraviolet/terminal_unix.go:75.2,76.54 2 0
github.com/charmbracelet/ultraviolet/terminal_unix.go:79.46,79.60 1 0
github.com/charmbracelet/ultraviolet/terminal_unix.go:80.46,80.60 1 0
github.com/charmbracelet/ultraviolet/tty.go:11.52,13.2 1 0
github.com/charmbracelet/ultraviolet/tty.go:16.22,18.2 1 0
github.com/charmbracelet/ultraviolet/tty_unix.go:12.52,14.16 2 0
github.com/charmbracelet/ultraviolet/tty_unix.go:14.16,16.3 1 0
github.com/charmbracelet/ultraviolet/tty_unix.go:17.2,17.18 1 0
github.com/charmbracelet/ultraviolet/tty_unix.go:20.28,28.2 5 0
github.com/charmbracelet/ultraviolet/utils.go:3.21,4.11 1 1
github.com/charmbracelet/ultraviolet/utils.go:4.11,6.3 1 1
github.com/charmbracelet/ultraviolet/utils.go:7.2,7.10 1 1
github.com/charmbracelet/ultraviolet/utils.go:10.34,11.16 1 1
github.com/charmbracelet/ultraviolet/utils.go:11.16,13.3 1 0
github.com/charmbracelet/ultraviolet/utils.go:14.2,14.31 1 1
github.com/charmbracelet/ultraviolet/uv.go:48.45,52.12 2 0
github.com/charmbracelet/ultraviolet/uv.go:52.12,54.3 1 0
github.com/charmbracelet/ultraviolet/uv.go:55.2,55.15 1 0
github.com/charmbracelet/ultraviolet/winch.go:20.61,21.14 1 0
github.com/charmbracelet/ultraviolet/winch.go:21.14,22.23 1 0
github.com/charmbracelet/ultraviolet/winch.go:24.2,27.3 1 0
github.com/charmbracelet/ultraviolet/winch.go:32.87,33.6 1 0
github.com/charmbracelet/ultraviolet/winch.go:33.6,34.10 1 0
github.com/charmbracelet/ultraviolet/winch.go:35.21,36.14 1 0
github.com/charmbracelet/ultraviolet/winch.go:37.16,39.18 2 0
github.com/charmbracelet/ultraviolet/winch.go:39.18,41.5 1 0
github.com/charmbracelet/ultraviolet/winch.go:43.4,43.11 1 0
github.com/charmbracelet/ultraviolet/winch.go:44.22,45.15 1 0
github.com/charmbracelet/ultraviolet/winch.go:46.38,46.38 0 0
github.com/charmbracelet/ultraviolet/winch.go:48.4,48.45 1 0
github.com/charmbracelet/ultraviolet/winch.go:48.45,49.12 1 0
github.com/charmbracelet/ultraviolet/winch.go:50.23,51.16 1 0
github.com/charmbracelet/ultraviolet/winch.go:52.45,52.45 0 0
github.com/charmbracelet/ultraviolet/winch.go:62.44,64.2 1 0
github.com/charmbracelet/ultraviolet/winch.go:67.43,69.2 1 0
github.com/charmbracelet/ultraviolet/winch.go:72.83,74.2 1 0
github.com/charmbracelet/ultraviolet/winch.go:77.71,82.16 4 0
github.com/charmbracelet/ultraviolet/winch.go:82.16,84.3 1 0
github.com/charmbracelet/ultraviolet/winch.go:86.2,86.27 1 0
github.com/charmbracelet/ultraviolet/winch_unix.go:14.44,17.46 3 0
github.com/charmbracelet/ultraviolet/winch_unix.go:17.46,19.3 1 0
github.com/charmbracelet/ultraviolet/winch_unix.go:21.2,22.12 2 0
github.com/charmbracelet/ultraviolet/winch_unix.go:25.43,30.2 4 0
github.com/charmbracelet/ultraviolet/winch_unix.go:32.83,37.16 4 0
github.com/charmbracelet/ultraviolet/winch_unix.go:37.16,39.3 1 0
github.com/charmbracelet/ultraviolet/winch_unix.go:41.2,49.27 3 0
